mode: atomic
github.com/rsksmart/liquidity-provider-server/internal/adapters/alerting/ses.go:20.79,22.2 1 2
github.com/rsksmart/liquidity-provider-server/internal/adapters/alerting/ses.go:24.110,38.16 3 2
github.com/rsksmart/liquidity-provider-server/internal/adapters/alerting/ses.go:38.16,40.3 1 1
github.com/rsksmart/liquidity-provider-server/internal/adapters/alerting/ses.go:41.2,43.12 3 1
github.com/rsksmart/liquidity-provider-server/internal/entities/common.go:19.34,21.2 1 0
github.com/rsksmart/liquidity-provider-server/internal/entities/common.go:44.78,46.16 2 0
github.com/rsksmart/liquidity-provider-server/internal/entities/common.go:46.16,48.3 1 0
github.com/rsksmart/liquidity-provider-server/internal/entities/common.go:49.2,51.16 3 0
github.com/rsksmart/liquidity-provider-server/internal/entities/common.go:51.16,53.3 1 0
github.com/rsksmart/liquidity-provider-server/internal/entities/common.go:54.2,54.36 1 0
github.com/rsksmart/liquidity-provider-server/internal/entities/common.go:54.36,56.3 1 0
github.com/rsksmart/liquidity-provider-server/internal/entities/common.go:57.2,57.12 1 0
github.com/rsksmart/liquidity-provider-server/internal/entities/event.go:20.41,22.2 1 0
github.com/rsksmart/liquidity-provider-server/internal/entities/event.go:24.33,26.2 1 0
github.com/rsksmart/liquidity-provider-server/internal/entities/event.go:28.50,30.2 1 0
github.com/rsksmart/liquidity-provider-server/internal/entities/wei.go:20.27,24.2 3 0
github.com/rsksmart/liquidity-provider-server/internal/entities/wei.go:26.29,30.2 3 0
github.com/rsksmart/liquidity-provider-server/internal/entities/wei.go:32.33,36.2 3 0
github.com/rsksmart/liquidity-provider-server/internal/entities/wei.go:38.34,43.2 4 0
github.com/rsksmart/liquidity-provider-server/internal/entities/wei.go:45.27,47.2 1 0
github.com/rsksmart/liquidity-provider-server/internal/entities/wei.go:49.31,51.2 1 0
github.com/rsksmart/liquidity-provider-server/internal/entities/wei.go:53.36,55.2 1 0
github.com/rsksmart/liquidity-provider-server/internal/entities/wei.go:57.31,59.2 1 0
github.com/rsksmart/liquidity-provider-server/internal/entities/wei.go:61.35,63.2 1 0
github.com/rsksmart/liquidity-provider-server/internal/entities/wei.go:65.38,67.2 1 0
github.com/rsksmart/liquidity-provider-server/internal/entities/wei.go:69.31,71.2 1 0
github.com/rsksmart/liquidity-provider-server/internal/entities/wei.go:73.45,74.14 1 0
github.com/rsksmart/liquidity-provider-server/internal/entities/wei.go:74.14,76.3 1 0
github.com/rsksmart/liquidity-provider-server/internal/entities/wei.go:77.2,77.35 1 0
github.com/rsksmart/liquidity-provider-server/internal/entities/wei.go:80.43,81.27 1 0
github.com/rsksmart/liquidity-provider-server/internal/entities/wei.go:82.14,84.10 2 0
github.com/rsksmart/liquidity-provider-server/internal/entities/wei.go:84.10,86.4 1 0
github.com/rsksmart/liquidity-provider-server/internal/entities/wei.go:87.3,87.13 1 0
github.com/rsksmart/liquidity-provider-server/internal/entities/wei.go:88.11,89.47 1 0
github.com/rsksmart/liquidity-provider-server/internal/entities/wei.go:90.10,91.57 1 0
github.com/rsksmart/liquidity-provider-server/internal/entities/wei.go:95.45,97.2 1 0
github.com/rsksmart/liquidity-provider-server/internal/entities/wei.go:99.49,101.2 1 0
github.com/rsksmart/liquidity-provider-server/internal/entities/wei.go:103.65,105.2 1 0
github.com/rsksmart/liquidity-provider-server/internal/entities/wei.go:107.78,108.64 1 0
github.com/rsksmart/liquidity-provider-server/internal/entities/wei.go:108.64,110.3 1 0
github.com/rsksmart/liquidity-provider-server/internal/entities/wei.go:111.2,112.69 2 0
github.com/rsksmart/liquidity-provider-server/internal/entities/wei.go:112.69,114.3 1 0
github.com/rsksmart/liquidity-provider-server/internal/entities/wei.go:115.2,116.12 2 0
github.com/rsksmart/liquidity-provider-server/internal/entities/wei.go:119.35,122.2 2 0
github.com/rsksmart/liquidity-provider-server/internal/entities/wei.go:124.35,127.2 2 0
github.com/rsksmart/liquidity-provider-server/internal/entities/wei.go:129.35,132.2 2 0
github.com/rsksmart/liquidity-provider-server/internal/entities/blockchain/bitcoin.go:33.49,35.2 1 0
github.com/rsksmart/liquidity-provider-server/internal/entities/blockchain/bitcoin.go:37.35,39.2 1 0
github.com/rsksmart/liquidity-provider-server/internal/entities/blockchain/bitcoin.go:41.34,43.2 1 0
github.com/rsksmart/liquidity-provider-server/internal/entities/blockchain/bitcoin.go:45.47,50.2 1 0
github.com/rsksmart/liquidity-provider-server/internal/entities/blockchain/bitcoin.go:52.47,57.2 1 0
github.com/rsksmart/liquidity-provider-server/internal/entities/blockchain/bitcoin.go:86.88,89.9 3 0
github.com/rsksmart/liquidity-provider-server/internal/entities/blockchain/bitcoin.go:89.9,91.3 1 0
github.com/rsksmart/liquidity-provider-server/internal/entities/blockchain/bitcoin.go:92.2,92.29 1 0
github.com/rsksmart/liquidity-provider-server/internal/entities/blockchain/bitcoin.go:92.29,94.3 1 0
github.com/rsksmart/liquidity-provider-server/internal/entities/blockchain/bitcoin.go:95.2,95.14 1 0
github.com/rsksmart/liquidity-provider-server/internal/entities/blockchain/lbc.go:25.51,35.2 1 0
github.com/rsksmart/liquidity-provider-server/internal/entities/blockchain/lbc.go:45.50,55.2 1 0
github.com/rsksmart/liquidity-provider-server/internal/entities/blockchain/lbc.go:69.30,76.2 1 0
github.com/rsksmart/liquidity-provider-server/internal/entities/blockchain/rootstock.go:29.63,31.2 1 0
github.com/rsksmart/liquidity-provider-server/internal/entities/blockchain/rootstock.go:32.40,34.2 1 0
github.com/rsksmart/liquidity-provider-server/internal/entities/blockchain/rootstock.go:53.107,55.19 2 0
github.com/rsksmart/liquidity-provider-server/internal/entities/blockchain/rootstock.go:55.19,57.3 1 0
github.com/rsksmart/liquidity-provider-server/internal/entities/blockchain/rootstock.go:58.2,58.75 1 0
github.com/rsksmart/liquidity-provider-server/internal/entities/liquidity_provider/configuration.go:51.77,53.2 1 0
github.com/rsksmart/liquidity-provider-server/internal/entities/liquidity_provider/configuration.go:55.78,57.2 1 0
github.com/rsksmart/liquidity-provider-server/internal/entities/liquidity_provider/configuration.go:59.58,60.50 1 0
github.com/rsksmart/liquidity-provider-server/internal/entities/liquidity_provider/configuration.go:60.50,62.3 1 0
github.com/rsksmart/liquidity-provider-server/internal/entities/liquidity_provider/configuration.go:62.8,64.3 1 0
github.com/rsksmart/liquidity-provider-server/internal/entities/liquidity_provider/configuration.go:67.58,70.38 2 0
github.com/rsksmart/liquidity-provider-server/internal/entities/liquidity_provider/configuration.go:70.38,71.23 1 0
github.com/rsksmart/liquidity-provider-server/internal/entities/liquidity_provider/configuration.go:71.23,73.4 1 0
github.com/rsksmart/liquidity-provider-server/internal/entities/liquidity_provider/configuration.go:75.2,75.17 1 0
github.com/rsksmart/liquidity-provider-server/internal/entities/liquidity_provider/configuration.go:78.82,80.33 2 0
github.com/rsksmart/liquidity-provider-server/internal/entities/liquidity_provider/configuration.go:80.33,82.3 1 0
github.com/rsksmart/liquidity-provider-server/internal/entities/liquidity_provider/configuration.go:83.2,84.56 2 0
github.com/rsksmart/liquidity-provider-server/internal/entities/liquidity_provider/configuration.go:84.56,87.3 2 0
github.com/rsksmart/liquidity-provider-server/internal/entities/liquidity_provider/configuration.go:88.2,88.17 1 0
github.com/rsksmart/liquidity-provider-server/internal/entities/liquidity_provider/configuration.go:88.17,90.3 1 0
github.com/rsksmart/liquidity-provider-server/internal/entities/liquidity_provider/configuration.go:90.8,92.3 1 0
github.com/rsksmart/liquidity-provider-server/internal/entities/liquidity_provider/default.go:24.64,32.2 1 0
github.com/rsksmart/liquidity-provider-server/internal/entities/liquidity_provider/default.go:34.64,42.2 1 0
github.com/rsksmart/liquidity-provider-server/internal/entities/liquidity_provider/default.go:44.53,53.2 1 0
github.com/rsksmart/liquidity-provider-server/internal/entities/liquidity_provider/default.go:55.55,65.2 1 0
github.com/rsksmart/liquidity-provider-server/internal/entities/liquidity_provider/default.go:67.57,72.2 1 0
github.com/rsksmart/liquidity-provider-server/internal/entities/liquidity_provider/liquidity_provider.go:23.38,24.11 1 0
github.com/rsksmart/liquidity-provider-server/internal/entities/liquidity_provider/liquidity_provider.go:25.51,26.14 1 0
github.com/rsksmart/liquidity-provider-server/internal/entities/liquidity_provider/liquidity_provider.go:27.10,28.15 1 0
github.com/rsksmart/liquidity-provider-server/internal/entities/liquidity_provider/liquidity_provider.go:32.43,34.2 1 0
github.com/rsksmart/liquidity-provider-server/internal/entities/liquidity_provider/liquidity_provider.go:36.44,38.2 1 0
github.com/rsksmart/liquidity-provider-server/internal/entities/liquidity_provider/liquidity_provider.go:40.57,42.28 2 0
github.com/rsksmart/liquidity-provider-server/internal/entities/liquidity_provider/liquidity_provider.go:42.28,44.3 1 0
github.com/rsksmart/liquidity-provider-server/internal/entities/liquidity_provider/liquidity_provider.go:44.8,46.3 1 0
github.com/rsksmart/liquidity-provider-server/internal/entities/quote/pegin_quote.go:60.49,62.2 1 0
github.com/rsksmart/liquidity-provider-server/internal/entities/quote/pegin_quote.go:64.43,66.2 1 0
github.com/rsksmart/liquidity-provider-server/internal/entities/quote/pegin_quote.go:68.48,69.24 1 0
github.com/rsksmart/liquidity-provider-server/internal/entities/quote/pegin_quote.go:69.24,71.3 1 0
github.com/rsksmart/liquidity-provider-server/internal/entities/quote/pegin_quote.go:72.2,72.26 1 0
github.com/rsksmart/liquidity-provider-server/internal/entities/quote/pegin_quote.go:72.26,74.3 1 0
github.com/rsksmart/liquidity-provider-server/internal/entities/quote/pegin_quote.go:75.2,75.25 1 0
github.com/rsksmart/liquidity-provider-server/internal/entities/quote/pegin_quote.go:75.25,77.3 1 0
github.com/rsksmart/liquidity-provider-server/internal/entities/quote/pegin_quote.go:78.2,83.14 6 0
github.com/rsksmart/liquidity-provider-server/internal/entities/quote/pegout_quote.go:65.50,67.2 1 0
github.com/rsksmart/liquidity-provider-server/internal/entities/quote/pegout_quote.go:69.44,71.2 1 0
github.com/rsksmart/liquidity-provider-server/internal/entities/quote/pegout_quote.go:73.108,75.2 1 0
github.com/rsksmart/liquidity-provider-server/internal/entities/quote/pegout_quote.go:77.49,78.24 1 0
github.com/rsksmart/liquidity-provider-server/internal/entities/quote/pegout_quote.go:78.24,80.3 1 0
github.com/rsksmart/liquidity-provider-server/internal/entities/quote/pegout_quote.go:81.2,81.26 1 0
github.com/rsksmart/liquidity-provider-server/internal/entities/quote/pegout_quote.go:81.26,83.3 1 0
github.com/rsksmart/liquidity-provider-server/internal/entities/quote/pegout_quote.go:84.2,84.25 1 0
github.com/rsksmart/liquidity-provider-server/internal/entities/quote/pegout_quote.go:84.25,86.3 1 0
github.com/rsksmart/liquidity-provider-server/internal/entities/quote/pegout_quote.go:87.2,92.14 6 0
github.com/rsksmart/liquidity-provider-server/internal/entities/quote/pegout_quote.go:122.71,127.2 4 0
github.com/rsksmart/liquidity-provider-server/internal/entities/utils/encoding.go:8.63,11.52 3 0
github.com/rsksmart/liquidity-provider-server/internal/entities/utils/encoding.go:11.52,13.3 1 0
github.com/rsksmart/liquidity-provider-server/internal/entities/utils/encoding.go:14.2,14.33 1 0
github.com/rsksmart/liquidity-provider-server/internal/entities/utils/encoding.go:14.33,16.3 1 0
github.com/rsksmart/liquidity-provider-server/internal/entities/utils/encoding.go:17.2,17.19 1 0
github.com/rsksmart/liquidity-provider-server/internal/entities/utils/hashing.go:19.92,20.42 1 0
github.com/rsksmart/liquidity-provider-server/internal/entities/utils/hashing.go:20.42,22.3 1 0
github.com/rsksmart/liquidity-provider-server/internal/entities/utils/hashing.go:23.2,24.16 2 0
github.com/rsksmart/liquidity-provider-server/internal/entities/utils/hashing.go:24.16,26.3 1 0
github.com/rsksmart/liquidity-provider-server/internal/entities/utils/hashing.go:27.2,29.16 3 0
github.com/rsksmart/liquidity-provider-server/internal/entities/utils/hashing.go:29.16,31.3 1 0
github.com/rsksmart/liquidity-provider-server/internal/entities/utils/hashing.go:32.2,32.51 1 0
github.com/rsksmart/liquidity-provider-server/internal/entities/utils/hashing.go:35.53,37.16 2 0
github.com/rsksmart/liquidity-provider-server/internal/entities/utils/hashing.go:37.16,39.3 1 0
github.com/rsksmart/liquidity-provider-server/internal/entities/utils/hashing.go:39.8,39.57 1 0
github.com/rsksmart/liquidity-provider-server/internal/entities/utils/hashing.go:39.57,41.3 1 0
github.com/rsksmart/liquidity-provider-server/internal/entities/utils/hashing.go:42.2,43.18 2 0
github.com/rsksmart/liquidity-provider-server/internal/entities/utils/math.go:10.34,11.11 1 0
github.com/rsksmart/liquidity-provider-server/internal/entities/utils/math.go:11.11,13.3 1 0
github.com/rsksmart/liquidity-provider-server/internal/entities/utils/math.go:14.2,14.14 1 0
github.com/rsksmart/liquidity-provider-server/internal/entities/utils/math.go:17.43,19.11 2 0
github.com/rsksmart/liquidity-provider-server/internal/entities/utils/math.go:19.11,21.3 1 0
github.com/rsksmart/liquidity-provider-server/internal/entities/utils/math.go:21.8,23.3 1 0
github.com/rsksmart/liquidity-provider-server/internal/entities/utils/math.go:24.2,24.37 1 0
github.com/rsksmart/liquidity-provider-server/internal/entities/utils/math.go:24.37,26.3 1 0
github.com/rsksmart/liquidity-provider-server/internal/entities/utils/math.go:27.2,27.19 1 0
github.com/rsksmart/liquidity-provider-server/internal/entities/utils/passwords.go:20.78,21.29 1 0
github.com/rsksmart/liquidity-provider-server/internal/entities/utils/passwords.go:21.29,22.40 1 0
github.com/rsksmart/liquidity-provider-server/internal/entities/utils/passwords.go:22.40,24.4 1 0
github.com/rsksmart/liquidity-provider-server/internal/entities/utils/passwords.go:26.2,26.12 1 0
github.com/rsksmart/liquidity-provider-server/internal/entities/utils/passwords.go:29.58,41.2 2 0
github.com/rsksmart/liquidity-provider-server/internal/entities/utils/passwords.go:43.54,44.37 1 0
github.com/rsksmart/liquidity-provider-server/internal/entities/utils/passwords.go:44.37,45.26 1 0
github.com/rsksmart/liquidity-provider-server/internal/entities/utils/passwords.go:45.26,47.4 1 0
github.com/rsksmart/liquidity-provider-server/internal/entities/utils/passwords.go:48.3,48.26 1 0
github.com/rsksmart/liquidity-provider-server/internal/entities/utils/passwords.go:48.26,50.4 1 0
github.com/rsksmart/liquidity-provider-server/internal/entities/utils/passwords.go:51.3,51.13 1 0
github.com/rsksmart/liquidity-provider-server/internal/entities/utils/passwords.go:55.45,56.37 1 0
github.com/rsksmart/liquidity-provider-server/internal/entities/utils/passwords.go:56.37,57.44 1 0
github.com/rsksmart/liquidity-provider-server/internal/entities/utils/passwords.go:57.44,59.4 1 0
github.com/rsksmart/liquidity-provider-server/internal/entities/utils/passwords.go:60.3,60.13 1 0
github.com/rsksmart/liquidity-provider-server/internal/entities/utils/passwords.go:64.45,65.37 1 0
github.com/rsksmart/liquidity-provider-server/internal/entities/utils/passwords.go:65.37,66.44 1 0
github.com/rsksmart/liquidity-provider-server/internal/entities/utils/passwords.go:66.44,68.4 1 0
github.com/rsksmart/liquidity-provider-server/internal/entities/utils/passwords.go:69.3,69.13 1 0
github.com/rsksmart/liquidity-provider-server/internal/entities/utils/passwords.go:73.41,74.37 1 0
github.com/rsksmart/liquidity-provider-server/internal/entities/utils/passwords.go:74.37,75.40 1 0
github.com/rsksmart/liquidity-provider-server/internal/entities/utils/passwords.go:75.40,77.4 1 0
github.com/rsksmart/liquidity-provider-server/internal/entities/utils/passwords.go:78.3,78.13 1 0
github.com/rsksmart/liquidity-provider-server/internal/entities/utils/passwords.go:82.47,83.37 1 0
github.com/rsksmart/liquidity-provider-server/internal/entities/utils/passwords.go:83.37,84.51 1 0
github.com/rsksmart/liquidity-provider-server/internal/entities/utils/passwords.go:84.51,86.4 1 0
github.com/rsksmart/liquidity-provider-server/internal/entities/utils/passwords.go:87.3,87.13 1 0
github.com/rsksmart/liquidity-provider-server/internal/entities/utils/random.go:9.36,11.16 2 0
github.com/rsksmart/liquidity-provider-server/internal/entities/utils/random.go:11.16,13.3 1 0
github.com/rsksmart/liquidity-provider-server/internal/entities/utils/random.go:14.2,14.28 1 0
github.com/rsksmart/liquidity-provider-server/internal/entities/utils/random.go:17.58,21.16 3 0
github.com/rsksmart/liquidity-provider-server/internal/entities/utils/random.go:21.16,23.3 1 0
github.com/rsksmart/liquidity-provider-server/internal/entities/utils/random.go:24.2,24.20 1 0
github.com/rsksmart/liquidity-provider-server/internal/adapters/dataproviders/bitcoin/common.go:28.82,30.2 1 56
github.com/rsksmart/liquidity-provider-server/internal/adapters/dataproviders/bitcoin/common.go:32.55,36.2 3 1
github.com/rsksmart/liquidity-provider-server/internal/adapters/dataproviders/bitcoin/common.go:38.64,40.16 2 2
github.com/rsksmart/liquidity-provider-server/internal/adapters/dataproviders/bitcoin/common.go:40.16,42.3 1 1
github.com/rsksmart/liquidity-provider-server/internal/adapters/dataproviders/bitcoin/common.go:43.2,43.19 1 2
github.com/rsksmart/liquidity-provider-server/internal/adapters/dataproviders/bitcoin/common.go:46.76,49.16 3 134
github.com/rsksmart/liquidity-provider-server/internal/adapters/dataproviders/bitcoin/common.go:49.16,51.3 1 6
github.com/rsksmart/liquidity-provider-server/internal/adapters/dataproviders/bitcoin/common.go:51.8,51.36 1 128
github.com/rsksmart/liquidity-provider-server/internal/adapters/dataproviders/bitcoin/common.go:51.36,53.3 1 2
github.com/rsksmart/liquidity-provider-server/internal/adapters/dataproviders/bitcoin/common.go:54.2,54.17 1 126
github.com/rsksmart/liquidity-provider-server/internal/adapters/dataproviders/bitcoin/common.go:54.17,56.3 1 63
github.com/rsksmart/liquidity-provider-server/internal/adapters/dataproviders/bitcoin/common.go:57.2,58.26 2 126
github.com/rsksmart/liquidity-provider-server/internal/adapters/dataproviders/bitcoin/common.go:61.86,62.48 1 62
github.com/rsksmart/liquidity-provider-server/internal/adapters/dataproviders/bitcoin/common.go:62.48,64.3 1 20
github.com/rsksmart/liquidity-provider-server/internal/adapters/dataproviders/bitcoin/common.go:65.2,65.50 1 42
github.com/rsksmart/liquidity-provider-server/internal/adapters/dataproviders/bitcoin/common.go:68.54,70.44 2 12
github.com/rsksmart/liquidity-provider-server/internal/adapters/dataproviders/bitcoin/common.go:70.44,72.3 1 192
github.com/rsksmart/liquidity-provider-server/internal/adapters/dataproviders/bitcoin/common.go:73.2,73.15 1 12
github.com/rsksmart/liquidity-provider-server/internal/adapters/dataproviders/bitcoin/common.go:76.110,83.75 6 1
github.com/rsksmart/liquidity-provider-server/internal/adapters/dataproviders/bitcoin/common.go:83.75,85.31 2 11
github.com/rsksmart/liquidity-provider-server/internal/adapters/dataproviders/bitcoin/common.go:85.31,88.4 1 6
github.com/rsksmart/liquidity-provider-server/internal/adapters/dataproviders/bitcoin/common.go:88.9,92.4 2 5
github.com/rsksmart/liquidity-provider-server/internal/adapters/dataproviders/bitcoin/common.go:93.3,97.14 4 11
github.com/rsksmart/liquidity-provider-server/internal/adapters/dataproviders/bitcoin/common.go:100.2,103.3 1 1
github.com/rsksmart/liquidity-provider-server/internal/adapters/dataproviders/bitcoin/common.go:106.95,112.22 5 4
github.com/rsksmart/liquidity-provider-server/internal/adapters/dataproviders/bitcoin/common.go:112.22,114.3 1 1
github.com/rsksmart/liquidity-provider-server/internal/adapters/dataproviders/bitcoin/common.go:116.2,122.16 6 3
github.com/rsksmart/liquidity-provider-server/internal/adapters/dataproviders/bitcoin/common.go:122.16,124.3 1 0
github.com/rsksmart/liquidity-provider-server/internal/adapters/dataproviders/bitcoin/common.go:126.2,126.31 1 3
github.com/rsksmart/liquidity-provider-server/internal/adapters/dataproviders/bitcoin/common.go:126.31,128.3 1 38
github.com/rsksmart/liquidity-provider-server/internal/adapters/dataproviders/bitcoin/common.go:129.2,130.16 2 3
github.com/rsksmart/liquidity-provider-server/internal/adapters/dataproviders/bitcoin/common.go:130.16,132.3 1 0
github.com/rsksmart/liquidity-provider-server/internal/adapters/dataproviders/bitcoin/common.go:134.2,135.25 2 3
github.com/rsksmart/liquidity-provider-server/internal/adapters/dataproviders/bitcoin/rpc.go:21.65,23.2 1 31
github.com/rsksmart/liquidity-provider-server/internal/adapters/dataproviders/bitcoin/rpc.go:25.63,26.53 1 24
github.com/rsksmart/liquidity-provider-server/internal/adapters/dataproviders/bitcoin/rpc.go:26.53,28.3 1 15
github.com/rsksmart/liquidity-provider-server/internal/adapters/dataproviders/bitcoin/rpc.go:29.2,29.48 1 9
github.com/rsksmart/liquidity-provider-server/internal/adapters/dataproviders/bitcoin/rpc.go:29.48,31.3 1 3
github.com/rsksmart/liquidity-provider-server/internal/adapters/dataproviders/bitcoin/rpc.go:32.2,32.12 1 6
github.com/rsksmart/liquidity-provider-server/internal/adapters/dataproviders/bitcoin/rpc.go:35.63,36.36 1 24
github.com/rsksmart/liquidity-provider-server/internal/adapters/dataproviders/bitcoin/rpc.go:37.20,38.47 1 6
github.com/rsksmart/liquidity-provider-server/internal/adapters/dataproviders/bitcoin/rpc.go:38.47,40.4 1 3
github.com/rsksmart/liquidity-provider-server/internal/adapters/dataproviders/bitcoin/rpc.go:41.3,41.13 1 3
github.com/rsksmart/liquidity-provider-server/internal/adapters/dataproviders/bitcoin/rpc.go:42.35,43.47 1 12
github.com/rsksmart/liquidity-provider-server/internal/adapters/dataproviders/bitcoin/rpc.go:43.47,45.4 1 6
github.com/rsksmart/liquidity-provider-server/internal/adapters/dataproviders/bitcoin/rpc.go:46.3,46.13 1 6
github.com/rsksmart/liquidity-provider-server/internal/adapters/dataproviders/bitcoin/rpc.go:47.10,48.75 1 6
github.com/rsksmart/liquidity-provider-server/internal/adapters/dataproviders/bitcoin/rpc.go:52.89,54.2 1 42
github.com/rsksmart/liquidity-provider-server/internal/adapters/dataproviders/bitcoin/rpc.go:56.107,61.16 4 4
github.com/rsksmart/liquidity-provider-server/internal/adapters/dataproviders/bitcoin/rpc.go:61.16,63.3 1 1
github.com/rsksmart/liquidity-provider-server/internal/adapters/dataproviders/bitcoin/rpc.go:65.2,66.16 2 3
github.com/rsksmart/liquidity-provider-server/internal/adapters/dataproviders/bitcoin/rpc.go:66.16,68.3 1 1
github.com/rsksmart/liquidity-provider-server/internal/adapters/dataproviders/bitcoin/rpc.go:70.2,71.36 2 2
github.com/rsksmart/liquidity-provider-server/internal/adapters/dataproviders/bitcoin/rpc.go:71.36,73.10 2 3
github.com/rsksmart/liquidity-provider-server/internal/adapters/dataproviders/bitcoin/rpc.go:73.10,75.4 1 3
github.com/rsksmart/liquidity-provider-server/internal/adapters/dataproviders/bitcoin/rpc.go:76.3,76.32 1 3
github.com/rsksmart/liquidity-provider-server/internal/adapters/dataproviders/bitcoin/rpc.go:76.32,78.4 1 2
github.com/rsksmart/liquidity-provider-server/internal/adapters/dataproviders/bitcoin/rpc.go:78.9,80.4 1 1
github.com/rsksmart/liquidity-provider-server/internal/adapters/dataproviders/bitcoin/rpc.go:81.3,81.36 1 3
github.com/rsksmart/liquidity-provider-server/internal/adapters/dataproviders/bitcoin/rpc.go:83.2,87.8 1 2
github.com/rsksmart/liquidity-provider-server/internal/adapters/dataproviders/bitcoin/rpc.go:90.72,92.16 2 5
github.com/rsksmart/liquidity-provider-server/internal/adapters/dataproviders/bitcoin/rpc.go:92.16,94.3 1 1
github.com/rsksmart/liquidity-provider-server/internal/adapters/dataproviders/bitcoin/rpc.go:96.2,97.16 2 4
github.com/rsksmart/liquidity-provider-server/internal/adapters/dataproviders/bitcoin/rpc.go:97.16,99.3 1 2
github.com/rsksmart/liquidity-provider-server/internal/adapters/dataproviders/bitcoin/rpc.go:101.2,102.62 2 2
github.com/rsksmart/liquidity-provider-server/internal/adapters/dataproviders/bitcoin/rpc.go:102.62,104.3 1 0
github.com/rsksmart/liquidity-provider-server/internal/adapters/dataproviders/bitcoin/rpc.go:105.2,105.25 1 2
github.com/rsksmart/liquidity-provider-server/internal/adapters/dataproviders/bitcoin/rpc.go:108.75,110.16 2 5
github.com/rsksmart/liquidity-provider-server/internal/adapters/dataproviders/bitcoin/rpc.go:110.16,112.3 1 1
github.com/rsksmart/liquidity-provider-server/internal/adapters/dataproviders/bitcoin/rpc.go:114.2,115.56 2 4
github.com/rsksmart/liquidity-provider-server/internal/adapters/dataproviders/bitcoin/rpc.go:118.55,120.16 2 2
github.com/rsksmart/liquidity-provider-server/internal/adapters/dataproviders/bitcoin/rpc.go:120.16,122.3 1 1
github.com/rsksmart/liquidity-provider-server/internal/adapters/dataproviders/bitcoin/rpc.go:123.2,123.44 1 1
github.com/rsksmart/liquidity-provider-server/internal/adapters/dataproviders/bitcoin/rpc.go:126.91,128.16 2 6
github.com/rsksmart/liquidity-provider-server/internal/adapters/dataproviders/bitcoin/rpc.go:128.16,130.3 1 4
github.com/rsksmart/liquidity-provider-server/internal/adapters/dataproviders/bitcoin/rpc.go:132.2,134.50 3 2
github.com/rsksmart/liquidity-provider-server/internal/adapters/dataproviders/bitcoin/rpc.go:134.50,136.3 1 2060
github.com/rsksmart/liquidity-provider-server/internal/adapters/dataproviders/bitcoin/rpc.go:138.2,141.29 3 2
github.com/rsksmart/liquidity-provider-server/internal/adapters/dataproviders/bitcoin/rpc.go:141.29,142.18 1 8190
github.com/rsksmart/liquidity-provider-server/internal/adapters/dataproviders/bitcoin/rpc.go:142.18,144.4 1 4134
github.com/rsksmart/liquidity-provider-server/internal/adapters/dataproviders/bitcoin/rpc.go:147.2,147.69 1 2
github.com/rsksmart/liquidity-provider-server/internal/adapters/dataproviders/bitcoin/rpc.go:147.69,149.3 1 2474
github.com/rsksmart/liquidity-provider-server/internal/adapters/dataproviders/bitcoin/rpc.go:150.2,150.17 1 2
github.com/rsksmart/liquidity-provider-server/internal/adapters/dataproviders/bitcoin/rpc.go:150.17,152.3 1 1
github.com/rsksmart/liquidity-provider-server/internal/adapters/dataproviders/bitcoin/rpc.go:154.2,155.20 2 1
github.com/rsksmart/liquidity-provider-server/internal/adapters/dataproviders/bitcoin/rpc.go:158.117,160.16 2 5
github.com/rsksmart/liquidity-provider-server/internal/adapters/dataproviders/bitcoin/rpc.go:160.16,162.3 1 1
github.com/rsksmart/liquidity-provider-server/internal/adapters/dataproviders/bitcoin/rpc.go:163.2,164.16 2 4
github.com/rsksmart/liquidity-provider-server/internal/adapters/dataproviders/bitcoin/rpc.go:164.16,166.3 1 1
github.com/rsksmart/liquidity-provider-server/internal/adapters/dataproviders/bitcoin/rpc.go:168.2,169.16 2 3
github.com/rsksmart/liquidity-provider-server/internal/adapters/dataproviders/bitcoin/rpc.go:169.16,171.3 1 1
github.com/rsksmart/liquidity-provider-server/internal/adapters/dataproviders/bitcoin/rpc.go:173.2,174.16 2 2
github.com/rsksmart/liquidity-provider-server/internal/adapters/dataproviders/bitcoin/rpc.go:174.16,176.3 1 1
github.com/rsksmart/liquidity-provider-server/internal/adapters/dataproviders/bitcoin/rpc.go:178.2,182.8 2 1
github.com/rsksmart/liquidity-provider-server/internal/adapters/dataproviders/bitcoin/rpc.go:185.92,187.16 2 11
github.com/rsksmart/liquidity-provider-server/internal/adapters/dataproviders/bitcoin/rpc.go:187.16,189.3 1 2
github.com/rsksmart/liquidity-provider-server/internal/adapters/dataproviders/bitcoin/rpc.go:190.2,191.16 2 9
github.com/rsksmart/liquidity-provider-server/internal/adapters/dataproviders/bitcoin/rpc.go:191.16,193.3 1 1
github.com/rsksmart/liquidity-provider-server/internal/adapters/dataproviders/bitcoin/rpc.go:194.2,195.16 2 8
github.com/rsksmart/liquidity-provider-server/internal/adapters/dataproviders/bitcoin/rpc.go:195.16,197.3 1 1
github.com/rsksmart/liquidity-provider-server/internal/adapters/dataproviders/bitcoin/rpc.go:198.2,199.33 2 7
github.com/rsksmart/liquidity-provider-server/internal/adapters/dataproviders/bitcoin/wallet.go:33.28,41.2 1 23
github.com/rsksmart/liquidity-provider-server/internal/adapters/dataproviders/bitcoin/wallet.go:43.108,45.16 2 4
github.com/rsksmart/liquidity-provider-server/internal/adapters/dataproviders/bitcoin/wallet.go:45.16,47.3 1 1
github.com/rsksmart/liquidity-provider-server/internal/adapters/dataproviders/bitcoin/wallet.go:49.2,63.16 7 3
github.com/rsksmart/liquidity-provider-server/internal/adapters/dataproviders/bitcoin/wallet.go:63.16,65.3 1 1
github.com/rsksmart/liquidity-provider-server/internal/adapters/dataproviders/bitcoin/wallet.go:66.2,67.16 2 2
github.com/rsksmart/liquidity-provider-server/internal/adapters/dataproviders/bitcoin/wallet.go:67.16,69.3 1 1
github.com/rsksmart/liquidity-provider-server/internal/adapters/dataproviders/bitcoin/wallet.go:70.2,71.55 2 1
github.com/rsksmart/liquidity-provider-server/internal/adapters/dataproviders/bitcoin/wallet.go:74.67,78.16 4 3
github.com/rsksmart/liquidity-provider-server/internal/adapters/dataproviders/bitcoin/wallet.go:78.16,80.3 1 1
github.com/rsksmart/liquidity-provider-server/internal/adapters/dataproviders/bitcoin/wallet.go:82.2,82.29 1 2
github.com/rsksmart/liquidity-provider-server/internal/adapters/dataproviders/bitcoin/wallet.go:82.29,83.21 1 7
github.com/rsksmart/liquidity-provider-server/internal/adapters/dataproviders/bitcoin/wallet.go:83.21,84.64 1 7
github.com/rsksmart/liquidity-provider-server/internal/adapters/dataproviders/bitcoin/wallet.go:84.64,86.5 1 1
github.com/rsksmart/liquidity-provider-server/internal/adapters/dataproviders/bitcoin/wallet.go:87.4,87.93 1 6
github.com/rsksmart/liquidity-provider-server/internal/adapters/dataproviders/bitcoin/wallet.go:90.2,90.21 1 1
github.com/rsksmart/liquidity-provider-server/internal/adapters/dataproviders/bitcoin/wallet.go:93.125,95.16 2 8
github.com/rsksmart/liquidity-provider-server/internal/adapters/dataproviders/bitcoin/wallet.go:95.16,97.3 1 0
github.com/rsksmart/liquidity-provider-server/internal/adapters/dataproviders/bitcoin/wallet.go:99.2,104.16 4 8
github.com/rsksmart/liquidity-provider-server/internal/adapters/dataproviders/bitcoin/wallet.go:104.16,106.3 1 1
github.com/rsksmart/liquidity-provider-server/internal/adapters/dataproviders/bitcoin/wallet.go:108.2,109.16 2 7
github.com/rsksmart/liquidity-provider-server/internal/adapters/dataproviders/bitcoin/wallet.go:109.16,111.3 1 1
github.com/rsksmart/liquidity-provider-server/internal/adapters/dataproviders/bitcoin/wallet.go:112.2,121.24 5 6
github.com/rsksmart/liquidity-provider-server/internal/adapters/dataproviders/bitcoin/wallet.go:121.24,122.40 1 5
github.com/rsksmart/liquidity-provider-server/internal/adapters/dataproviders/bitcoin/wallet.go:122.40,124.4 1 1
github.com/rsksmart/liquidity-provider-server/internal/adapters/dataproviders/bitcoin/wallet.go:127.2,129.16 3 5
github.com/rsksmart/liquidity-provider-server/internal/adapters/dataproviders/bitcoin/wallet.go:129.16,131.3 1 1
github.com/rsksmart/liquidity-provider-server/internal/adapters/dataproviders/bitcoin/wallet.go:132.2,133.16 2 4
github.com/rsksmart/liquidity-provider-server/internal/adapters/dataproviders/bitcoin/wallet.go:133.16,135.3 1 1
github.com/rsksmart/liquidity-provider-server/internal/adapters/dataproviders/bitcoin/wallet.go:136.2,137.16 2 3
github.com/rsksmart/liquidity-provider-server/internal/adapters/dataproviders/bitcoin/wallet.go:137.16,139.3 1 1
github.com/rsksmart/liquidity-provider-server/internal/adapters/dataproviders/bitcoin/wallet.go:140.2,140.29 1 2
github.com/rsksmart/liquidity-provider-server/internal/adapters/dataproviders/bitcoin/wallet.go:143.46,145.16 2 8
github.com/rsksmart/liquidity-provider-server/internal/adapters/dataproviders/bitcoin/wallet.go:145.16,147.3 1 2
github.com/rsksmart/liquidity-provider-server/internal/adapters/dataproviders/bitcoin/wallet.go:148.2,148.91 1 6
github.com/rsksmart/liquidity-provider-server/internal/adapters/dataproviders/bitcoin/wallet.go:148.91,151.3 2 5
github.com/rsksmart/liquidity-provider-server/internal/adapters/dataproviders/bitcoin/wallet.go:152.2,152.82 1 1
github.com/rsksmart/liquidity-provider-server/internal/adapters/dataproviders/bitcoin/wallet.go:155.67,157.16 2 4
github.com/rsksmart/liquidity-provider-server/internal/adapters/dataproviders/bitcoin/wallet.go:157.16,159.3 1 2
github.com/rsksmart/liquidity-provider-server/internal/adapters/dataproviders/bitcoin/wallet.go:160.2,160.67 1 2
github.com/rsksmart/liquidity-provider-server/internal/adapters/dataproviders/bitcoin/wallet.go:163.115,170.16 7 4
github.com/rsksmart/liquidity-provider-server/internal/adapters/dataproviders/bitcoin/wallet.go:170.16,172.3 1 1
github.com/rsksmart/liquidity-provider-server/internal/adapters/dataproviders/bitcoin/wallet.go:173.2,174.16 2 3
github.com/rsksmart/liquidity-provider-server/internal/adapters/dataproviders/bitcoin/wallet.go:174.16,176.3 1 1
github.com/rsksmart/liquidity-provider-server/internal/adapters/dataproviders/bitcoin/wallet.go:178.2,179.29 2 2
github.com/rsksmart/liquidity-provider-server/internal/adapters/dataproviders/bitcoin/wallet.go:179.29,181.10 2 7
github.com/rsksmart/liquidity-provider-server/internal/adapters/dataproviders/bitcoin/wallet.go:181.10,188.4 2 5
github.com/rsksmart/liquidity-provider-server/internal/adapters/dataproviders/bitcoin/wallet.go:189.3,189.44 1 7
github.com/rsksmart/liquidity-provider-server/internal/adapters/dataproviders/bitcoin/wallet.go:189.44,191.4 1 5
github.com/rsksmart/liquidity-provider-server/internal/adapters/dataproviders/bitcoin/wallet.go:192.3,193.17 2 7
github.com/rsksmart/liquidity-provider-server/internal/adapters/dataproviders/bitcoin/wallet.go:193.17,195.4 1 1
github.com/rsksmart/liquidity-provider-server/internal/adapters/dataproviders/bitcoin/wallet.go:196.3,196.134 1 6
github.com/rsksmart/liquidity-provider-server/internal/adapters/dataproviders/bitcoin/wallet.go:199.2,199.30 1 1
github.com/rsksmart/liquidity-provider-server/internal/adapters/dataproviders/bitcoin/wallet.go:199.30,202.3 2 4
github.com/rsksmart/liquidity-provider-server/internal/adapters/dataproviders/bitcoin/wallet.go:203.2,203.20 1 1
github.com/rsksmart/liquidity-provider-server/internal/adapters/dataproviders/bitcoin/wallet.go:206.46,208.2 1 3
github.com/rsksmart/liquidity-provider-server/internal/adapters/dataproviders/bitcoin/wallet.go:210.48,212.2 1 0
github.com/rsksmart/liquidity-provider-server/internal/entities/common.go:19.34,21.2 1 0
github.com/rsksmart/liquidity-provider-server/internal/entities/common.go:44.78,46.16 2 0
github.com/rsksmart/liquidity-provider-server/internal/entities/common.go:46.16,48.3 1 0
github.com/rsksmart/liquidity-provider-server/internal/entities/common.go:49.2,51.16 3 0
github.com/rsksmart/liquidity-provider-server/internal/entities/common.go:51.16,53.3 1 0
github.com/rsksmart/liquidity-provider-server/internal/entities/common.go:54.2,54.36 1 0
github.com/rsksmart/liquidity-provider-server/internal/entities/common.go:54.36,56.3 1 0
github.com/rsksmart/liquidity-provider-server/internal/entities/common.go:57.2,57.12 1 0
github.com/rsksmart/liquidity-provider-server/internal/entities/event.go:20.41,22.2 1 0
github.com/rsksmart/liquidity-provider-server/internal/entities/event.go:24.33,26.2 1 0
github.com/rsksmart/liquidity-provider-server/internal/entities/event.go:28.50,30.2 1 0
github.com/rsksmart/liquidity-provider-server/internal/entities/wei.go:20.27,24.2 3 23
github.com/rsksmart/liquidity-provider-server/internal/entities/wei.go:26.29,30.2 3 0
github.com/rsksmart/liquidity-provider-server/internal/entities/wei.go:32.33,36.2 3 0
github.com/rsksmart/liquidity-provider-server/internal/entities/wei.go:38.34,43.2 4 16
github.com/rsksmart/liquidity-provider-server/internal/entities/wei.go:45.27,47.2 1 0
github.com/rsksmart/liquidity-provider-server/internal/entities/wei.go:49.31,51.2 1 0
github.com/rsksmart/liquidity-provider-server/internal/entities/wei.go:53.36,55.2 1 74
github.com/rsksmart/liquidity-provider-server/internal/entities/wei.go:57.31,59.2 1 0
github.com/rsksmart/liquidity-provider-server/internal/entities/wei.go:61.35,63.2 1 6
github.com/rsksmart/liquidity-provider-server/internal/entities/wei.go:65.38,67.2 1 11
github.com/rsksmart/liquidity-provider-server/internal/entities/wei.go:69.31,71.2 1 0
github.com/rsksmart/liquidity-provider-server/internal/entities/wei.go:73.45,74.14 1 0
github.com/rsksmart/liquidity-provider-server/internal/entities/wei.go:74.14,76.3 1 0
github.com/rsksmart/liquidity-provider-server/internal/entities/wei.go:77.2,77.35 1 0
github.com/rsksmart/liquidity-provider-server/internal/entities/wei.go:80.43,81.27 1 0
github.com/rsksmart/liquidity-provider-server/internal/entities/wei.go:82.14,84.10 2 0
github.com/rsksmart/liquidity-provider-server/internal/entities/wei.go:84.10,86.4 1 0
github.com/rsksmart/liquidity-provider-server/internal/entities/wei.go:87.3,87.13 1 0
github.com/rsksmart/liquidity-provider-server/internal/entities/wei.go:88.11,89.47 1 0
github.com/rsksmart/liquidity-provider-server/internal/entities/wei.go:90.10,91.57 1 0
github.com/rsksmart/liquidity-provider-server/internal/entities/wei.go:95.45,97.2 1 0
github.com/rsksmart/liquidity-provider-server/internal/entities/wei.go:99.49,101.2 1 0
github.com/rsksmart/liquidity-provider-server/internal/entities/wei.go:103.65,105.2 1 0
github.com/rsksmart/liquidity-provider-server/internal/entities/wei.go:107.78,108.64 1 0
github.com/rsksmart/liquidity-provider-server/internal/entities/wei.go:108.64,110.3 1 0
github.com/rsksmart/liquidity-provider-server/internal/entities/wei.go:111.2,112.69 2 0
github.com/rsksmart/liquidity-provider-server/internal/entities/wei.go:112.69,114.3 1 0
github.com/rsksmart/liquidity-provider-server/internal/entities/wei.go:115.2,116.12 2 0
github.com/rsksmart/liquidity-provider-server/internal/entities/wei.go:119.35,122.2 2 6
github.com/rsksmart/liquidity-provider-server/internal/entities/wei.go:124.35,127.2 2 0
github.com/rsksmart/liquidity-provider-server/internal/entities/wei.go:129.35,132.2 2 0
github.com/rsksmart/liquidity-provider-server/internal/entities/blockchain/bitcoin.go:33.49,35.2 1 71
github.com/rsksmart/liquidity-provider-server/internal/entities/blockchain/bitcoin.go:37.35,39.2 1 71
github.com/rsksmart/liquidity-provider-server/internal/entities/blockchain/bitcoin.go:41.34,43.2 1 46
github.com/rsksmart/liquidity-provider-server/internal/entities/blockchain/bitcoin.go:45.47,50.2 1 12
github.com/rsksmart/liquidity-provider-server/internal/entities/blockchain/bitcoin.go:52.47,57.2 1 6
github.com/rsksmart/liquidity-provider-server/internal/entities/blockchain/bitcoin.go:86.88,89.9 3 0
github.com/rsksmart/liquidity-provider-server/internal/entities/blockchain/bitcoin.go:89.9,91.3 1 0
github.com/rsksmart/liquidity-provider-server/internal/entities/blockchain/bitcoin.go:92.2,92.29 1 0
github.com/rsksmart/liquidity-provider-server/internal/entities/blockchain/bitcoin.go:92.29,94.3 1 0
github.com/rsksmart/liquidity-provider-server/internal/entities/blockchain/bitcoin.go:95.2,95.14 1 0
github.com/rsksmart/liquidity-provider-server/internal/entities/blockchain/lbc.go:25.51,35.2 1 0
github.com/rsksmart/liquidity-provider-server/internal/entities/blockchain/lbc.go:45.50,55.2 1 0
github.com/rsksmart/liquidity-provider-server/internal/entities/blockchain/lbc.go:69.30,76.2 1 0
github.com/rsksmart/liquidity-provider-server/internal/entities/blockchain/rootstock.go:29.63,31.2 1 0
github.com/rsksmart/liquidity-provider-server/internal/entities/blockchain/rootstock.go:32.40,34.2 1 0
github.com/rsksmart/liquidity-provider-server/internal/entities/blockchain/rootstock.go:53.107,55.19 2 0
github.com/rsksmart/liquidity-provider-server/internal/entities/blockchain/rootstock.go:55.19,57.3 1 0
github.com/rsksmart/liquidity-provider-server/internal/entities/blockchain/rootstock.go:58.2,58.75 1 0
github.com/rsksmart/liquidity-provider-server/internal/entities/liquidity_provider/configuration.go:51.77,53.2 1 0
github.com/rsksmart/liquidity-provider-server/internal/entities/liquidity_provider/configuration.go:55.78,57.2 1 0
github.com/rsksmart/liquidity-provider-server/internal/entities/liquidity_provider/configuration.go:59.58,60.50 1 0
github.com/rsksmart/liquidity-provider-server/internal/entities/liquidity_provider/configuration.go:60.50,62.3 1 0
github.com/rsksmart/liquidity-provider-server/internal/entities/liquidity_provider/configuration.go:62.8,64.3 1 0
github.com/rsksmart/liquidity-provider-server/internal/entities/liquidity_provider/configuration.go:67.58,70.38 2 0
github.com/rsksmart/liquidity-provider-server/internal/entities/liquidity_provider/configuration.go:70.38,71.23 1 0
github.com/rsksmart/liquidity-provider-server/internal/entities/liquidity_provider/configuration.go:71.23,73.4 1 0
github.com/rsksmart/liquidity-provider-server/internal/entities/liquidity_provider/configuration.go:75.2,75.17 1 0
github.com/rsksmart/liquidity-provider-server/internal/entities/liquidity_provider/configuration.go:78.82,80.33 2 0
github.com/rsksmart/liquidity-provider-server/internal/entities/liquidity_provider/configuration.go:80.33,82.3 1 0
github.com/rsksmart/liquidity-provider-server/internal/entities/liquidity_provider/configuration.go:83.2,84.56 2 0
github.com/rsksmart/liquidity-provider-server/internal/entities/liquidity_provider/configuration.go:84.56,87.3 2 0
github.com/rsksmart/liquidity-provider-server/internal/entities/liquidity_provider/configuration.go:88.2,88.17 1 0
github.com/rsksmart/liquidity-provider-server/internal/entities/liquidity_provider/configuration.go:88.17,90.3 1 0
github.com/rsksmart/liquidity-provider-server/internal/entities/liquidity_provider/configuration.go:90.8,92.3 1 0
github.com/rsksmart/liquidity-provider-server/internal/entities/liquidity_provider/default.go:24.64,32.2 1 0
github.com/rsksmart/liquidity-provider-server/internal/entities/liquidity_provider/default.go:34.64,42.2 1 0
github.com/rsksmart/liquidity-provider-server/internal/entities/liquidity_provider/default.go:44.53,53.2 1 0
github.com/rsksmart/liquidity-provider-server/internal/entities/liquidity_provider/default.go:55.55,65.2 1 0
github.com/rsksmart/liquidity-provider-server/internal/entities/liquidity_provider/default.go:67.57,72.2 1 0
github.com/rsksmart/liquidity-provider-server/internal/entities/liquidity_provider/liquidity_provider.go:23.38,24.11 1 0
github.com/rsksmart/liquidity-provider-server/internal/entities/liquidity_provider/liquidity_provider.go:25.51,26.14 1 0
github.com/rsksmart/liquidity-provider-server/internal/entities/liquidity_provider/liquidity_provider.go:27.10,28.15 1 0
github.com/rsksmart/liquidity-provider-server/internal/entities/liquidity_provider/liquidity_provider.go:32.43,34.2 1 0
github.com/rsksmart/liquidity-provider-server/internal/entities/liquidity_provider/liquidity_provider.go:36.44,38.2 1 0
github.com/rsksmart/liquidity-provider-server/internal/entities/liquidity_provider/liquidity_provider.go:40.57,42.28 2 0
github.com/rsksmart/liquidity-provider-server/internal/entities/liquidity_provider/liquidity_provider.go:42.28,44.3 1 0
github.com/rsksmart/liquidity-provider-server/internal/entities/liquidity_provider/liquidity_provider.go:44.8,46.3 1 0
github.com/rsksmart/liquidity-provider-server/internal/entities/quote/pegin_quote.go:60.49,62.2 1 0
github.com/rsksmart/liquidity-provider-server/internal/entities/quote/pegin_quote.go:64.43,66.2 1 0
github.com/rsksmart/liquidity-provider-server/internal/entities/quote/pegin_quote.go:68.48,69.24 1 0
github.com/rsksmart/liquidity-provider-server/internal/entities/quote/pegin_quote.go:69.24,71.3 1 0
github.com/rsksmart/liquidity-provider-server/internal/entities/quote/pegin_quote.go:72.2,72.26 1 0
github.com/rsksmart/liquidity-provider-server/internal/entities/quote/pegin_quote.go:72.26,74.3 1 0
github.com/rsksmart/liquidity-provider-server/internal/entities/quote/pegin_quote.go:75.2,75.25 1 0
github.com/rsksmart/liquidity-provider-server/internal/entities/quote/pegin_quote.go:75.25,77.3 1 0
github.com/rsksmart/liquidity-provider-server/internal/entities/quote/pegin_quote.go:78.2,83.14 6 0
github.com/rsksmart/liquidity-provider-server/internal/entities/quote/pegout_quote.go:65.50,67.2 1 0
github.com/rsksmart/liquidity-provider-server/internal/entities/quote/pegout_quote.go:69.44,71.2 1 0
github.com/rsksmart/liquidity-provider-server/internal/entities/quote/pegout_quote.go:73.108,75.2 1 0
github.com/rsksmart/liquidity-provider-server/internal/entities/quote/pegout_quote.go:77.49,78.24 1 0
github.com/rsksmart/liquidity-provider-server/internal/entities/quote/pegout_quote.go:78.24,80.3 1 0
github.com/rsksmart/liquidity-provider-server/internal/entities/quote/pegout_quote.go:81.2,81.26 1 0
github.com/rsksmart/liquidity-provider-server/internal/entities/quote/pegout_quote.go:81.26,83.3 1 0
github.com/rsksmart/liquidity-provider-server/internal/entities/quote/pegout_quote.go:84.2,84.25 1 0
github.com/rsksmart/liquidity-provider-server/internal/entities/quote/pegout_quote.go:84.25,86.3 1 0
github.com/rsksmart/liquidity-provider-server/internal/entities/quote/pegout_quote.go:87.2,92.14 6 0
github.com/rsksmart/liquidity-provider-server/internal/entities/quote/pegout_quote.go:122.71,127.2 4 0
github.com/rsksmart/liquidity-provider-server/internal/entities/utils/encoding.go:8.63,11.52 3 0
github.com/rsksmart/liquidity-provider-server/internal/entities/utils/encoding.go:11.52,13.3 1 0
github.com/rsksmart/liquidity-provider-server/internal/entities/utils/encoding.go:14.2,14.33 1 0
github.com/rsksmart/liquidity-provider-server/internal/entities/utils/encoding.go:14.33,16.3 1 0
github.com/rsksmart/liquidity-provider-server/internal/entities/utils/encoding.go:17.2,17.19 1 0
github.com/rsksmart/liquidity-provider-server/internal/entities/utils/hashing.go:19.92,20.42 1 0
github.com/rsksmart/liquidity-provider-server/internal/entities/utils/hashing.go:20.42,22.3 1 0
github.com/rsksmart/liquidity-provider-server/internal/entities/utils/hashing.go:23.2,24.16 2 0
github.com/rsksmart/liquidity-provider-server/internal/entities/utils/hashing.go:24.16,26.3 1 0
github.com/rsksmart/liquidity-provider-server/internal/entities/utils/hashing.go:27.2,29.16 3 0
github.com/rsksmart/liquidity-provider-server/internal/entities/utils/hashing.go:29.16,31.3 1 0
github.com/rsksmart/liquidity-provider-server/internal/entities/utils/hashing.go:32.2,32.51 1 0
github.com/rsksmart/liquidity-provider-server/internal/entities/utils/hashing.go:35.53,37.16 2 0
github.com/rsksmart/liquidity-provider-server/internal/entities/utils/hashing.go:37.16,39.3 1 0
github.com/rsksmart/liquidity-provider-server/internal/entities/utils/hashing.go:39.8,39.57 1 0
github.com/rsksmart/liquidity-provider-server/internal/entities/utils/hashing.go:39.57,41.3 1 0
github.com/rsksmart/liquidity-provider-server/internal/entities/utils/hashing.go:42.2,43.18 2 0
github.com/rsksmart/liquidity-provider-server/internal/entities/utils/math.go:10.34,11.11 1 0
github.com/rsksmart/liquidity-provider-server/internal/entities/utils/math.go:11.11,13.3 1 0
github.com/rsksmart/liquidity-provider-server/internal/entities/utils/math.go:14.2,14.14 1 0
github.com/rsksmart/liquidity-provider-server/internal/entities/utils/math.go:17.43,19.11 2 0
github.com/rsksmart/liquidity-provider-server/internal/entities/utils/math.go:19.11,21.3 1 0
github.com/rsksmart/liquidity-provider-server/internal/entities/utils/math.go:21.8,23.3 1 0
github.com/rsksmart/liquidity-provider-server/internal/entities/utils/math.go:24.2,24.37 1 0
github.com/rsksmart/liquidity-provider-server/internal/entities/utils/math.go:24.37,26.3 1 0
github.com/rsksmart/liquidity-provider-server/internal/entities/utils/math.go:27.2,27.19 1 0
github.com/rsksmart/liquidity-provider-server/internal/entities/utils/passwords.go:20.78,21.29 1 0
github.com/rsksmart/liquidity-provider-server/internal/entities/utils/passwords.go:21.29,22.40 1 0
github.com/rsksmart/liquidity-provider-server/internal/entities/utils/passwords.go:22.40,24.4 1 0
github.com/rsksmart/liquidity-provider-server/internal/entities/utils/passwords.go:26.2,26.12 1 0
github.com/rsksmart/liquidity-provider-server/internal/entities/utils/passwords.go:29.58,41.2 2 0
github.com/rsksmart/liquidity-provider-server/internal/entities/utils/passwords.go:43.54,44.37 1 0
github.com/rsksmart/liquidity-provider-server/internal/entities/utils/passwords.go:44.37,45.26 1 0
github.com/rsksmart/liquidity-provider-server/internal/entities/utils/passwords.go:45.26,47.4 1 0
github.com/rsksmart/liquidity-provider-server/internal/entities/utils/passwords.go:48.3,48.26 1 0
github.com/rsksmart/liquidity-provider-server/internal/entities/utils/passwords.go:48.26,50.4 1 0
github.com/rsksmart/liquidity-provider-server/internal/entities/utils/passwords.go:51.3,51.13 1 0
github.com/rsksmart/liquidity-provider-server/internal/entities/utils/passwords.go:55.45,56.37 1 0
github.com/rsksmart/liquidity-provider-server/internal/entities/utils/passwords.go:56.37,57.44 1 0
github.com/rsksmart/liquidity-provider-server/internal/entities/utils/passwords.go:57.44,59.4 1 0
github.com/rsksmart/liquidity-provider-server/internal/entities/utils/passwords.go:60.3,60.13 1 0
github.com/rsksmart/liquidity-provider-server/internal/entities/utils/passwords.go:64.45,65.37 1 0
github.com/rsksmart/liquidity-provider-server/internal/entities/utils/passwords.go:65.37,66.44 1 0
github.com/rsksmart/liquidity-provider-server/internal/entities/utils/passwords.go:66.44,68.4 1 0
github.com/rsksmart/liquidity-provider-server/internal/entities/utils/passwords.go:69.3,69.13 1 0
github.com/rsksmart/liquidity-provider-server/internal/entities/utils/passwords.go:73.41,74.37 1 0
github.com/rsksmart/liquidity-provider-server/internal/entities/utils/passwords.go:74.37,75.40 1 0
github.com/rsksmart/liquidity-provider-server/internal/entities/utils/passwords.go:75.40,77.4 1 0
github.com/rsksmart/liquidity-provider-server/internal/entities/utils/passwords.go:78.3,78.13 1 0
github.com/rsksmart/liquidity-provider-server/internal/entities/utils/passwords.go:82.47,83.37 1 0
github.com/rsksmart/liquidity-provider-server/internal/entities/utils/passwords.go:83.37,84.51 1 0
github.com/rsksmart/liquidity-provider-server/internal/entities/utils/passwords.go:84.51,86.4 1 0
github.com/rsksmart/liquidity-provider-server/internal/entities/utils/passwords.go:87.3,87.13 1 0
github.com/rsksmart/liquidity-provider-server/internal/entities/utils/random.go:9.36,11.16 2 0
github.com/rsksmart/liquidity-provider-server/internal/entities/utils/random.go:11.16,13.3 1 0
github.com/rsksmart/liquidity-provider-server/internal/entities/utils/random.go:14.2,14.28 1 0
github.com/rsksmart/liquidity-provider-server/internal/entities/utils/random.go:17.58,21.16 3 0
github.com/rsksmart/liquidity-provider-server/internal/entities/utils/random.go:21.16,23.3 1 0
github.com/rsksmart/liquidity-provider-server/internal/entities/utils/random.go:24.2,24.20 1 0
github.com/rsksmart/liquidity-provider-server/internal/entities/common.go:19.34,21.2 1 0
github.com/rsksmart/liquidity-provider-server/internal/entities/common.go:44.78,46.16 2 9
github.com/rsksmart/liquidity-provider-server/internal/entities/common.go:46.16,48.3 1 1
github.com/rsksmart/liquidity-provider-server/internal/entities/common.go:49.2,51.16 3 8
github.com/rsksmart/liquidity-provider-server/internal/entities/common.go:51.16,53.3 1 1
github.com/rsksmart/liquidity-provider-server/internal/entities/common.go:54.2,54.36 1 7
github.com/rsksmart/liquidity-provider-server/internal/entities/common.go:54.36,56.3 1 3
github.com/rsksmart/liquidity-provider-server/internal/entities/common.go:57.2,57.12 1 4
github.com/rsksmart/liquidity-provider-server/internal/entities/event.go:20.41,22.2 1 1
github.com/rsksmart/liquidity-provider-server/internal/entities/event.go:24.33,26.2 1 1
github.com/rsksmart/liquidity-provider-server/internal/entities/event.go:28.50,30.2 1 1
github.com/rsksmart/liquidity-provider-server/internal/entities/wei.go:20.27,24.2 3 29
github.com/rsksmart/liquidity-provider-server/internal/entities/wei.go:26.29,30.2 3 8
github.com/rsksmart/liquidity-provider-server/internal/entities/wei.go:32.33,36.2 3 2
github.com/rsksmart/liquidity-provider-server/internal/entities/wei.go:38.34,43.2 4 3
github.com/rsksmart/liquidity-provider-server/internal/entities/wei.go:45.27,47.2 1 1
github.com/rsksmart/liquidity-provider-server/internal/entities/wei.go:49.31,51.2 1 3
github.com/rsksmart/liquidity-provider-server/internal/entities/wei.go:53.36,55.2 1 90
github.com/rsksmart/liquidity-provider-server/internal/entities/wei.go:57.31,59.2 1 1
github.com/rsksmart/liquidity-provider-server/internal/entities/wei.go:61.35,63.2 1 2
github.com/rsksmart/liquidity-provider-server/internal/entities/wei.go:65.38,67.2 1 2
github.com/rsksmart/liquidity-provider-server/internal/entities/wei.go:69.31,71.2 1 1
github.com/rsksmart/liquidity-provider-server/internal/entities/wei.go:73.45,74.14 1 2
github.com/rsksmart/liquidity-provider-server/internal/entities/wei.go:74.14,76.3 1 1
github.com/rsksmart/liquidity-provider-server/internal/entities/wei.go:77.2,77.35 1 1
github.com/rsksmart/liquidity-provider-server/internal/entities/wei.go:80.43,81.27 1 5
github.com/rsksmart/liquidity-provider-server/internal/entities/wei.go:82.14,84.10 2 3
github.com/rsksmart/liquidity-provider-server/internal/entities/wei.go:84.10,86.4 1 1
github.com/rsksmart/liquidity-provider-server/internal/entities/wei.go:87.3,87.13 1 2
github.com/rsksmart/liquidity-provider-server/internal/entities/wei.go:88.11,89.47 1 1
github.com/rsksmart/liquidity-provider-server/internal/entities/wei.go:90.10,91.57 1 1
github.com/rsksmart/liquidity-provider-server/internal/entities/wei.go:95.45,97.2 1 17
github.com/rsksmart/liquidity-provider-server/internal/entities/wei.go:99.49,101.2 1 1
github.com/rsksmart/liquidity-provider-server/internal/entities/wei.go:103.65,105.2 1 6
github.com/rsksmart/liquidity-provider-server/internal/entities/wei.go:107.78,108.64 1 6
github.com/rsksmart/liquidity-provider-server/internal/entities/wei.go:108.64,110.3 1 5
github.com/rsksmart/liquidity-provider-server/internal/entities/wei.go:111.2,112.69 2 1
github.com/rsksmart/liquidity-provider-server/internal/entities/wei.go:112.69,114.3 1 0
github.com/rsksmart/liquidity-provider-server/internal/entities/wei.go:115.2,116.12 2 1
github.com/rsksmart/liquidity-provider-server/internal/entities/wei.go:119.35,122.2 2 0
github.com/rsksmart/liquidity-provider-server/internal/entities/wei.go:124.35,127.2 2 0
github.com/rsksmart/liquidity-provider-server/internal/entities/wei.go:129.35,132.2 2 0
github.com/rsksmart/liquidity-provider-server/internal/entities/liquidity_provider/configuration.go:51.77,53.2 1 0
github.com/rsksmart/liquidity-provider-server/internal/entities/liquidity_provider/configuration.go:55.78,57.2 1 0
github.com/rsksmart/liquidity-provider-server/internal/entities/liquidity_provider/configuration.go:59.58,60.50 1 0
github.com/rsksmart/liquidity-provider-server/internal/entities/liquidity_provider/configuration.go:60.50,62.3 1 0
github.com/rsksmart/liquidity-provider-server/internal/entities/liquidity_provider/configuration.go:62.8,64.3 1 0
github.com/rsksmart/liquidity-provider-server/internal/entities/liquidity_provider/configuration.go:67.58,70.38 2 0
github.com/rsksmart/liquidity-provider-server/internal/entities/liquidity_provider/configuration.go:70.38,71.23 1 0
github.com/rsksmart/liquidity-provider-server/internal/entities/liquidity_provider/configuration.go:71.23,73.4 1 0
github.com/rsksmart/liquidity-provider-server/internal/entities/liquidity_provider/configuration.go:75.2,75.17 1 0
github.com/rsksmart/liquidity-provider-server/internal/entities/liquidity_provider/configuration.go:78.82,80.33 2 0
github.com/rsksmart/liquidity-provider-server/internal/entities/liquidity_provider/configuration.go:80.33,82.3 1 0
github.com/rsksmart/liquidity-provider-server/internal/entities/liquidity_provider/configuration.go:83.2,84.56 2 0
github.com/rsksmart/liquidity-provider-server/internal/entities/liquidity_provider/configuration.go:84.56,87.3 2 0
github.com/rsksmart/liquidity-provider-server/internal/entities/liquidity_provider/configuration.go:88.2,88.17 1 0
github.com/rsksmart/liquidity-provider-server/internal/entities/liquidity_provider/configuration.go:88.17,90.3 1 0
github.com/rsksmart/liquidity-provider-server/internal/entities/liquidity_provider/configuration.go:90.8,92.3 1 0
github.com/rsksmart/liquidity-provider-server/internal/entities/liquidity_provider/default.go:24.64,32.2 1 0
github.com/rsksmart/liquidity-provider-server/internal/entities/liquidity_provider/default.go:34.64,42.2 1 0
github.com/rsksmart/liquidity-provider-server/internal/entities/liquidity_provider/default.go:44.53,53.2 1 0
github.com/rsksmart/liquidity-provider-server/internal/entities/liquidity_provider/default.go:55.55,65.2 1 0
github.com/rsksmart/liquidity-provider-server/internal/entities/liquidity_provider/default.go:67.57,72.2 1 0
github.com/rsksmart/liquidity-provider-server/internal/entities/liquidity_provider/liquidity_provider.go:23.38,24.11 1 0
github.com/rsksmart/liquidity-provider-server/internal/entities/liquidity_provider/liquidity_provider.go:25.51,26.14 1 0
github.com/rsksmart/liquidity-provider-server/internal/entities/liquidity_provider/liquidity_provider.go:27.10,28.15 1 0
github.com/rsksmart/liquidity-provider-server/internal/entities/liquidity_provider/liquidity_provider.go:32.43,34.2 1 0
github.com/rsksmart/liquidity-provider-server/internal/entities/liquidity_provider/liquidity_provider.go:36.44,38.2 1 0
github.com/rsksmart/liquidity-provider-server/internal/entities/liquidity_provider/liquidity_provider.go:40.57,42.28 2 0
github.com/rsksmart/liquidity-provider-server/internal/entities/liquidity_provider/liquidity_provider.go:42.28,44.3 1 0
github.com/rsksmart/liquidity-provider-server/internal/entities/liquidity_provider/liquidity_provider.go:44.8,46.3 1 0
github.com/rsksmart/liquidity-provider-server/internal/entities/common.go:19.34,21.2 1 0
github.com/rsksmart/liquidity-provider-server/internal/entities/common.go:44.78,46.16 2 0
github.com/rsksmart/liquidity-provider-server/internal/entities/common.go:46.16,48.3 1 0
github.com/rsksmart/liquidity-provider-server/internal/entities/common.go:49.2,51.16 3 0
github.com/rsksmart/liquidity-provider-server/internal/entities/common.go:51.16,53.3 1 0
github.com/rsksmart/liquidity-provider-server/internal/entities/common.go:54.2,54.36 1 0
github.com/rsksmart/liquidity-provider-server/internal/entities/common.go:54.36,56.3 1 0
github.com/rsksmart/liquidity-provider-server/internal/entities/common.go:57.2,57.12 1 0
github.com/rsksmart/liquidity-provider-server/internal/entities/event.go:20.41,22.2 1 0
github.com/rsksmart/liquidity-provider-server/internal/entities/event.go:24.33,26.2 1 0
github.com/rsksmart/liquidity-provider-server/internal/entities/event.go:28.50,30.2 1 0
github.com/rsksmart/liquidity-provider-server/internal/entities/wei.go:20.27,24.2 3 59
github.com/rsksmart/liquidity-provider-server/internal/entities/wei.go:26.29,30.2 3 12
github.com/rsksmart/liquidity-provider-server/internal/entities/wei.go:32.33,36.2 3 0
github.com/rsksmart/liquidity-provider-server/internal/entities/wei.go:38.34,43.2 4 0
github.com/rsksmart/liquidity-provider-server/internal/entities/wei.go:45.27,47.2 1 0
github.com/rsksmart/liquidity-provider-server/internal/entities/wei.go:49.31,51.2 1 4
github.com/rsksmart/liquidity-provider-server/internal/entities/wei.go:53.36,55.2 1 223
github.com/rsksmart/liquidity-provider-server/internal/entities/wei.go:57.31,59.2 1 0
github.com/rsksmart/liquidity-provider-server/internal/entities/wei.go:61.35,63.2 1 0
github.com/rsksmart/liquidity-provider-server/internal/entities/wei.go:65.38,67.2 1 0
github.com/rsksmart/liquidity-provider-server/internal/entities/wei.go:69.31,71.2 1 0
github.com/rsksmart/liquidity-provider-server/internal/entities/wei.go:73.45,74.14 1 0
github.com/rsksmart/liquidity-provider-server/internal/entities/wei.go:74.14,76.3 1 0
github.com/rsksmart/liquidity-provider-server/internal/entities/wei.go:77.2,77.35 1 0
github.com/rsksmart/liquidity-provider-server/internal/entities/wei.go:80.43,81.27 1 0
github.com/rsksmart/liquidity-provider-server/internal/entities/wei.go:82.14,84.10 2 0
github.com/rsksmart/liquidity-provider-server/internal/entities/wei.go:84.10,86.4 1 0
github.com/rsksmart/liquidity-provider-server/internal/entities/wei.go:87.3,87.13 1 0
github.com/rsksmart/liquidity-provider-server/internal/entities/wei.go:88.11,89.47 1 0
github.com/rsksmart/liquidity-provider-server/internal/entities/wei.go:90.10,91.57 1 0
github.com/rsksmart/liquidity-provider-server/internal/entities/wei.go:95.45,97.2 1 0
github.com/rsksmart/liquidity-provider-server/internal/entities/wei.go:99.49,101.2 1 0
github.com/rsksmart/liquidity-provider-server/internal/entities/wei.go:103.65,105.2 1 0
github.com/rsksmart/liquidity-provider-server/internal/entities/wei.go:107.78,108.64 1 0
github.com/rsksmart/liquidity-provider-server/internal/entities/wei.go:108.64,110.3 1 0
github.com/rsksmart/liquidity-provider-server/internal/entities/wei.go:111.2,112.69 2 0
github.com/rsksmart/liquidity-provider-server/internal/entities/wei.go:112.69,114.3 1 0
github.com/rsksmart/liquidity-provider-server/internal/entities/wei.go:115.2,116.12 2 0
github.com/rsksmart/liquidity-provider-server/internal/entities/wei.go:119.35,122.2 2 48
github.com/rsksmart/liquidity-provider-server/internal/entities/wei.go:124.35,127.2 2 0
github.com/rsksmart/liquidity-provider-server/internal/entities/wei.go:129.35,132.2 2 0
github.com/rsksmart/liquidity-provider-server/internal/entities/liquidity_provider/configuration.go:51.77,53.2 1 0
github.com/rsksmart/liquidity-provider-server/internal/entities/liquidity_provider/configuration.go:55.78,57.2 1 0
github.com/rsksmart/liquidity-provider-server/internal/entities/liquidity_provider/configuration.go:59.58,60.50 1 0
github.com/rsksmart/liquidity-provider-server/internal/entities/liquidity_provider/configuration.go:60.50,62.3 1 0
github.com/rsksmart/liquidity-provider-server/internal/entities/liquidity_provider/configuration.go:62.8,64.3 1 0
github.com/rsksmart/liquidity-provider-server/internal/entities/liquidity_provider/configuration.go:67.58,70.38 2 0
github.com/rsksmart/liquidity-provider-server/internal/entities/liquidity_provider/configuration.go:70.38,71.23 1 0
github.com/rsksmart/liquidity-provider-server/internal/entities/liquidity_provider/configuration.go:71.23,73.4 1 0
github.com/rsksmart/liquidity-provider-server/internal/entities/liquidity_provider/configuration.go:75.2,75.17 1 0
github.com/rsksmart/liquidity-provider-server/internal/entities/liquidity_provider/configuration.go:78.82,80.33 2 0
github.com/rsksmart/liquidity-provider-server/internal/entities/liquidity_provider/configuration.go:80.33,82.3 1 0
github.com/rsksmart/liquidity-provider-server/internal/entities/liquidity_provider/configuration.go:83.2,84.56 2 0
github.com/rsksmart/liquidity-provider-server/internal/entities/liquidity_provider/configuration.go:84.56,87.3 2 0
github.com/rsksmart/liquidity-provider-server/internal/entities/liquidity_provider/configuration.go:88.2,88.17 1 0
github.com/rsksmart/liquidity-provider-server/internal/entities/liquidity_provider/configuration.go:88.17,90.3 1 0
github.com/rsksmart/liquidity-provider-server/internal/entities/liquidity_provider/configuration.go:90.8,92.3 1 0
github.com/rsksmart/liquidity-provider-server/internal/entities/liquidity_provider/default.go:24.64,32.2 1 0
github.com/rsksmart/liquidity-provider-server/internal/entities/liquidity_provider/default.go:34.64,42.2 1 0
github.com/rsksmart/liquidity-provider-server/internal/entities/liquidity_provider/default.go:44.53,53.2 1 0
github.com/rsksmart/liquidity-provider-server/internal/entities/liquidity_provider/default.go:55.55,65.2 1 0
github.com/rsksmart/liquidity-provider-server/internal/entities/liquidity_provider/default.go:67.57,72.2 1 0
github.com/rsksmart/liquidity-provider-server/internal/entities/liquidity_provider/liquidity_provider.go:23.38,24.11 1 0
github.com/rsksmart/liquidity-provider-server/internal/entities/liquidity_provider/liquidity_provider.go:25.51,26.14 1 0
github.com/rsksmart/liquidity-provider-server/internal/entities/liquidity_provider/liquidity_provider.go:27.10,28.15 1 0
github.com/rsksmart/liquidity-provider-server/internal/entities/liquidity_provider/liquidity_provider.go:32.43,34.2 1 0
github.com/rsksmart/liquidity-provider-server/internal/entities/liquidity_provider/liquidity_provider.go:36.44,38.2 1 0
github.com/rsksmart/liquidity-provider-server/internal/entities/liquidity_provider/liquidity_provider.go:40.57,42.28 2 0
github.com/rsksmart/liquidity-provider-server/internal/entities/liquidity_provider/liquidity_provider.go:42.28,44.3 1 0
github.com/rsksmart/liquidity-provider-server/internal/entities/liquidity_provider/liquidity_provider.go:44.8,46.3 1 0
github.com/rsksmart/liquidity-provider-server/internal/entities/quote/pegin_quote.go:60.49,62.2 1 2
github.com/rsksmart/liquidity-provider-server/internal/entities/quote/pegin_quote.go:64.43,66.2 1 2
github.com/rsksmart/liquidity-provider-server/internal/entities/quote/pegin_quote.go:68.48,69.24 1 4
github.com/rsksmart/liquidity-provider-server/internal/entities/quote/pegin_quote.go:69.24,71.3 1 1
github.com/rsksmart/liquidity-provider-server/internal/entities/quote/pegin_quote.go:72.2,72.26 1 4
github.com/rsksmart/liquidity-provider-server/internal/entities/quote/pegin_quote.go:72.26,74.3 1 1
github.com/rsksmart/liquidity-provider-server/internal/entities/quote/pegin_quote.go:75.2,75.25 1 4
github.com/rsksmart/liquidity-provider-server/internal/entities/quote/pegin_quote.go:75.25,77.3 1 1
github.com/rsksmart/liquidity-provider-server/internal/entities/quote/pegin_quote.go:78.2,83.14 6 4
github.com/rsksmart/liquidity-provider-server/internal/entities/quote/pegout_quote.go:65.50,67.2 1 6
github.com/rsksmart/liquidity-provider-server/internal/entities/quote/pegout_quote.go:69.44,71.2 1 2
github.com/rsksmart/liquidity-provider-server/internal/entities/quote/pegout_quote.go:73.108,75.2 1 2
github.com/rsksmart/liquidity-provider-server/internal/entities/quote/pegout_quote.go:77.49,78.24 1 8
github.com/rsksmart/liquidity-provider-server/internal/entities/quote/pegout_quote.go:78.24,80.3 1 1
github.com/rsksmart/liquidity-provider-server/internal/entities/quote/pegout_quote.go:81.2,81.26 1 8
github.com/rsksmart/liquidity-provider-server/internal/entities/quote/pegout_quote.go:81.26,83.3 1 1
github.com/rsksmart/liquidity-provider-server/internal/entities/quote/pegout_quote.go:84.2,84.25 1 8
github.com/rsksmart/liquidity-provider-server/internal/entities/quote/pegout_quote.go:84.25,86.3 1 1
github.com/rsksmart/liquidity-provider-server/internal/entities/quote/pegout_quote.go:87.2,92.14 6 8
github.com/rsksmart/liquidity-provider-server/internal/entities/quote/pegout_quote.go:122.71,127.2 4 4
github.com/rsksmart/liquidity-provider-server/internal/entities/utils/encoding.go:8.63,11.52 3 0
github.com/rsksmart/liquidity-provider-server/internal/entities/utils/encoding.go:11.52,13.3 1 0
github.com/rsksmart/liquidity-provider-server/internal/entities/utils/encoding.go:14.2,14.33 1 0
github.com/rsksmart/liquidity-provider-server/internal/entities/utils/encoding.go:14.33,16.3 1 0
github.com/rsksmart/liquidity-provider-server/internal/entities/utils/encoding.go:17.2,17.19 1 0
github.com/rsksmart/liquidity-provider-server/internal/entities/utils/hashing.go:19.92,20.42 1 0
github.com/rsksmart/liquidity-provider-server/internal/entities/utils/hashing.go:20.42,22.3 1 0
github.com/rsksmart/liquidity-provider-server/internal/entities/utils/hashing.go:23.2,24.16 2 0
github.com/rsksmart/liquidity-provider-server/internal/entities/utils/hashing.go:24.16,26.3 1 0
github.com/rsksmart/liquidity-provider-server/internal/entities/utils/hashing.go:27.2,29.16 3 0
github.com/rsksmart/liquidity-provider-server/internal/entities/utils/hashing.go:29.16,31.3 1 0
github.com/rsksmart/liquidity-provider-server/internal/entities/utils/hashing.go:32.2,32.51 1 0
github.com/rsksmart/liquidity-provider-server/internal/entities/utils/hashing.go:35.53,37.16 2 0
github.com/rsksmart/liquidity-provider-server/internal/entities/utils/hashing.go:37.16,39.3 1 0
github.com/rsksmart/liquidity-provider-server/internal/entities/utils/hashing.go:39.8,39.57 1 0
github.com/rsksmart/liquidity-provider-server/internal/entities/utils/hashing.go:39.57,41.3 1 0
github.com/rsksmart/liquidity-provider-server/internal/entities/utils/hashing.go:42.2,43.18 2 0
github.com/rsksmart/liquidity-provider-server/internal/entities/utils/math.go:10.34,11.11 1 2
github.com/rsksmart/liquidity-provider-server/internal/entities/utils/math.go:11.11,13.3 1 0
github.com/rsksmart/liquidity-provider-server/internal/entities/utils/math.go:14.2,14.14 1 2
github.com/rsksmart/liquidity-provider-server/internal/entities/utils/math.go:17.43,19.11 2 0
github.com/rsksmart/liquidity-provider-server/internal/entities/utils/math.go:19.11,21.3 1 0
github.com/rsksmart/liquidity-provider-server/internal/entities/utils/math.go:21.8,23.3 1 0
github.com/rsksmart/liquidity-provider-server/internal/entities/utils/math.go:24.2,24.37 1 0
github.com/rsksmart/liquidity-provider-server/internal/entities/utils/math.go:24.37,26.3 1 0
github.com/rsksmart/liquidity-provider-server/internal/entities/utils/math.go:27.2,27.19 1 0
github.com/rsksmart/liquidity-provider-server/internal/entities/utils/passwords.go:20.78,21.29 1 0
github.com/rsksmart/liquidity-provider-server/internal/entities/utils/passwords.go:21.29,22.40 1 0
github.com/rsksmart/liquidity-provider-server/internal/entities/utils/passwords.go:22.40,24.4 1 0
github.com/rsksmart/liquidity-provider-server/internal/entities/utils/passwords.go:26.2,26.12 1 0
github.com/rsksmart/liquidity-provider-server/internal/entities/utils/passwords.go:29.58,41.2 2 0
github.com/rsksmart/liquidity-provider-server/internal/entities/utils/passwords.go:43.54,44.37 1 0
github.com/rsksmart/liquidity-provider-server/internal/entities/utils/passwords.go:44.37,45.26 1 0
github.com/rsksmart/liquidity-provider-server/internal/entities/utils/passwords.go:45.26,47.4 1 0
github.com/rsksmart/liquidity-provider-server/internal/entities/utils/passwords.go:48.3,48.26 1 0
github.com/rsksmart/liquidity-provider-server/internal/entities/utils/passwords.go:48.26,50.4 1 0
github.com/rsksmart/liquidity-provider-server/internal/entities/utils/passwords.go:51.3,51.13 1 0
github.com/rsksmart/liquidity-provider-server/internal/entities/utils/passwords.go:55.45,56.37 1 0
github.com/rsksmart/liquidity-provider-server/internal/entities/utils/passwords.go:56.37,57.44 1 0
github.com/rsksmart/liquidity-provider-server/internal/entities/utils/passwords.go:57.44,59.4 1 0
github.com/rsksmart/liquidity-provider-server/internal/entities/utils/passwords.go:60.3,60.13 1 0
github.com/rsksmart/liquidity-provider-server/internal/entities/utils/passwords.go:64.45,65.37 1 0
github.com/rsksmart/liquidity-provider-server/internal/entities/utils/passwords.go:65.37,66.44 1 0
github.com/rsksmart/liquidity-provider-server/internal/entities/utils/passwords.go:66.44,68.4 1 0
github.com/rsksmart/liquidity-provider-server/internal/entities/utils/passwords.go:69.3,69.13 1 0
github.com/rsksmart/liquidity-provider-server/internal/entities/utils/passwords.go:73.41,74.37 1 0
github.com/rsksmart/liquidity-provider-server/internal/entities/utils/passwords.go:74.37,75.40 1 0
github.com/rsksmart/liquidity-provider-server/internal/entities/utils/passwords.go:75.40,77.4 1 0
github.com/rsksmart/liquidity-provider-server/internal/entities/utils/passwords.go:78.3,78.13 1 0
github.com/rsksmart/liquidity-provider-server/internal/entities/utils/passwords.go:82.47,83.37 1 0
github.com/rsksmart/liquidity-provider-server/internal/entities/utils/passwords.go:83.37,84.51 1 0
github.com/rsksmart/liquidity-provider-server/internal/entities/utils/passwords.go:84.51,86.4 1 0
github.com/rsksmart/liquidity-provider-server/internal/entities/utils/passwords.go:87.3,87.13 1 0
github.com/rsksmart/liquidity-provider-server/internal/entities/utils/random.go:9.36,11.16 2 0
github.com/rsksmart/liquidity-provider-server/internal/entities/utils/random.go:11.16,13.3 1 0
github.com/rsksmart/liquidity-provider-server/internal/entities/utils/random.go:14.2,14.28 1 0
github.com/rsksmart/liquidity-provider-server/internal/entities/utils/random.go:17.58,21.16 3 0
github.com/rsksmart/liquidity-provider-server/internal/entities/utils/random.go:21.16,23.3 1 0
github.com/rsksmart/liquidity-provider-server/internal/entities/utils/random.go:24.2,24.20 1 0
github.com/rsksmart/liquidity-provider-server/internal/entities/common.go:19.34,21.2 1 0
github.com/rsksmart/liquidity-provider-server/internal/entities/common.go:44.78,46.16 2 0
github.com/rsksmart/liquidity-provider-server/internal/entities/common.go:46.16,48.3 1 0
github.com/rsksmart/liquidity-provider-server/internal/entities/common.go:49.2,51.16 3 0
github.com/rsksmart/liquidity-provider-server/internal/entities/common.go:51.16,53.3 1 0
github.com/rsksmart/liquidity-provider-server/internal/entities/common.go:54.2,54.36 1 0
github.com/rsksmart/liquidity-provider-server/internal/entities/common.go:54.36,56.3 1 0
github.com/rsksmart/liquidity-provider-server/internal/entities/common.go:57.2,57.12 1 0
github.com/rsksmart/liquidity-provider-server/internal/entities/event.go:20.41,22.2 1 0
github.com/rsksmart/liquidity-provider-server/internal/entities/event.go:24.33,26.2 1 0
github.com/rsksmart/liquidity-provider-server/internal/entities/event.go:28.50,30.2 1 0
github.com/rsksmart/liquidity-provider-server/internal/entities/wei.go:20.27,24.2 3 100
github.com/rsksmart/liquidity-provider-server/internal/entities/wei.go:26.29,30.2 3 0
github.com/rsksmart/liquidity-provider-server/internal/entities/wei.go:32.33,36.2 3 0
github.com/rsksmart/liquidity-provider-server/internal/entities/wei.go:38.34,43.2 4 0
github.com/rsksmart/liquidity-provider-server/internal/entities/wei.go:45.27,47.2 1 0
github.com/rsksmart/liquidity-provider-server/internal/entities/wei.go:49.31,51.2 1 69
github.com/rsksmart/liquidity-provider-server/internal/entities/wei.go:53.36,55.2 1 254
github.com/rsksmart/liquidity-provider-server/internal/entities/wei.go:57.31,59.2 1 0
github.com/rsksmart/liquidity-provider-server/internal/entities/wei.go:61.35,63.2 1 0
github.com/rsksmart/liquidity-provider-server/internal/entities/wei.go:65.38,67.2 1 0
github.com/rsksmart/liquidity-provider-server/internal/entities/wei.go:69.31,71.2 1 16
github.com/rsksmart/liquidity-provider-server/internal/entities/wei.go:73.45,74.14 1 0
github.com/rsksmart/liquidity-provider-server/internal/entities/wei.go:74.14,76.3 1 0
github.com/rsksmart/liquidity-provider-server/internal/entities/wei.go:77.2,77.35 1 0
github.com/rsksmart/liquidity-provider-server/internal/entities/wei.go:80.43,81.27 1 0
github.com/rsksmart/liquidity-provider-server/internal/entities/wei.go:82.14,84.10 2 0
github.com/rsksmart/liquidity-provider-server/internal/entities/wei.go:84.10,86.4 1 0
github.com/rsksmart/liquidity-provider-server/internal/entities/wei.go:87.3,87.13 1 0
github.com/rsksmart/liquidity-provider-server/internal/entities/wei.go:88.11,89.47 1 0
github.com/rsksmart/liquidity-provider-server/internal/entities/wei.go:90.10,91.57 1 0
github.com/rsksmart/liquidity-provider-server/internal/entities/wei.go:95.45,97.2 1 0
github.com/rsksmart/liquidity-provider-server/internal/entities/wei.go:99.49,101.2 1 0
github.com/rsksmart/liquidity-provider-server/internal/entities/wei.go:103.65,105.2 1 0
github.com/rsksmart/liquidity-provider-server/internal/entities/wei.go:107.78,108.64 1 0
github.com/rsksmart/liquidity-provider-server/internal/entities/wei.go:108.64,110.3 1 0
github.com/rsksmart/liquidity-provider-server/internal/entities/wei.go:111.2,112.69 2 0
github.com/rsksmart/liquidity-provider-server/internal/entities/wei.go:112.69,114.3 1 0
github.com/rsksmart/liquidity-provider-server/internal/entities/wei.go:115.2,116.12 2 0
github.com/rsksmart/liquidity-provider-server/internal/entities/wei.go:119.35,122.2 2 0
github.com/rsksmart/liquidity-provider-server/internal/entities/wei.go:124.35,127.2 2 0
github.com/rsksmart/liquidity-provider-server/internal/entities/wei.go:129.35,132.2 2 0
github.com/rsksmart/liquidity-provider-server/internal/entities/liquidity_provider/configuration.go:51.77,53.2 1 6
github.com/rsksmart/liquidity-provider-server/internal/entities/liquidity_provider/configuration.go:55.78,57.2 1 6
github.com/rsksmart/liquidity-provider-server/internal/entities/liquidity_provider/configuration.go:59.58,60.50 1 12
github.com/rsksmart/liquidity-provider-server/internal/entities/liquidity_provider/configuration.go:60.50,62.3 1 4
github.com/rsksmart/liquidity-provider-server/internal/entities/liquidity_provider/configuration.go:62.8,64.3 1 8
github.com/rsksmart/liquidity-provider-server/internal/entities/liquidity_provider/configuration.go:67.58,70.38 2 6
github.com/rsksmart/liquidity-provider-server/internal/entities/liquidity_provider/configuration.go:70.38,71.23 1 23
github.com/rsksmart/liquidity-provider-server/internal/entities/liquidity_provider/configuration.go:71.23,73.4 1 16
github.com/rsksmart/liquidity-provider-server/internal/entities/liquidity_provider/configuration.go:75.2,75.17 1 6
github.com/rsksmart/liquidity-provider-server/internal/entities/liquidity_provider/configuration.go:78.82,80.33 2 15
github.com/rsksmart/liquidity-provider-server/internal/entities/liquidity_provider/configuration.go:80.33,82.3 1 75
github.com/rsksmart/liquidity-provider-server/internal/entities/liquidity_provider/configuration.go:83.2,84.56 2 15
github.com/rsksmart/liquidity-provider-server/internal/entities/liquidity_provider/configuration.go:84.56,87.3 2 49
github.com/rsksmart/liquidity-provider-server/internal/entities/liquidity_provider/configuration.go:88.2,88.17 1 15
github.com/rsksmart/liquidity-provider-server/internal/entities/liquidity_provider/configuration.go:88.17,90.3 1 2
github.com/rsksmart/liquidity-provider-server/internal/entities/liquidity_provider/configuration.go:90.8,92.3 1 13
github.com/rsksmart/liquidity-provider-server/internal/entities/liquidity_provider/default.go:24.64,32.2 1 6
github.com/rsksmart/liquidity-provider-server/internal/entities/liquidity_provider/default.go:34.64,42.2 1 5
github.com/rsksmart/liquidity-provider-server/internal/entities/liquidity_provider/default.go:44.53,53.2 1 2
github.com/rsksmart/liquidity-provider-server/internal/entities/liquidity_provider/default.go:55.55,65.2 1 2
github.com/rsksmart/liquidity-provider-server/internal/entities/liquidity_provider/default.go:67.57,72.2 1 1
github.com/rsksmart/liquidity-provider-server/internal/entities/liquidity_provider/liquidity_provider.go:23.38,24.11 1 15
github.com/rsksmart/liquidity-provider-server/internal/entities/liquidity_provider/liquidity_provider.go:25.51,26.14 1 9
github.com/rsksmart/liquidity-provider-server/internal/entities/liquidity_provider/liquidity_provider.go:27.10,28.15 1 6
github.com/rsksmart/liquidity-provider-server/internal/entities/liquidity_provider/liquidity_provider.go:32.43,34.2 1 5
github.com/rsksmart/liquidity-provider-server/internal/entities/liquidity_provider/liquidity_provider.go:36.44,38.2 1 5
github.com/rsksmart/liquidity-provider-server/internal/entities/liquidity_provider/liquidity_provider.go:40.57,42.28 2 10
github.com/rsksmart/liquidity-provider-server/internal/entities/liquidity_provider/liquidity_provider.go:42.28,44.3 1 6
github.com/rsksmart/liquidity-provider-server/internal/entities/liquidity_provider/liquidity_provider.go:44.8,46.3 1 4
[...]
github.com/rsksmart/liquidity-provider-server/internal/usecases/liquidity_provider/check_liquidity.go:68.47,74.17 1 2
github.com/rsksmart/liquidity-provider-server/internal/usecases/liquidity_provider/check_liquidity.go:74.17,76.4 1 1
github.com/rsksmart/liquidity-provider-server/internal/usecases/liquidity_provider/check_liquidity.go:77.8,77.23 1 4
github.com/rsksmart/liquidity-provider-server/internal/usecases/liquidity_provider/check_liquidity.go:77.23,79.3 1 1
github.com/rsksmart/liquidity-provider-server/internal/usecases/liquidity_provider/check_liquidity.go:81.2,81.12 1 5
github.com/rsksmart/liquidity-provider-server/internal/usecases/liquidity_provider/common.go:26.19,30.53 3 9
github.com/rsksmart/liquidity-provider-server/internal/usecases/liquidity_provider/common.go:30.53,32.3 1 2
github.com/rsksmart/liquidity-provider-server/internal/usecases/liquidity_provider/common.go:34.2,37.65 1 7
github.com/rsksmart/liquidity-provider-server/internal/usecases/liquidity_provider/common.go:37.65,39.4 1 16
github.com/rsksmart/liquidity-provider-server/internal/usecases/liquidity_provider/common.go:41.2,41.12 1 7
github.com/rsksmart/liquidity-provider-server/internal/usecases/liquidity_provider/common.go:41.12,43.3 1 2
github.com/rsksmart/liquidity-provider-server/internal/usecases/liquidity_provider/common.go:44.2,44.33 1 5
github.com/rsksmart/liquidity-provider-server/internal/usecases/liquidity_provider/common.go:60.9,62.16 2 27
github.com/rsksmart/liquidity-provider-server/internal/usecases/liquidity_provider/common.go:62.16,64.3 1 2
github.com/rsksmart/liquidity-provider-server/internal/usecases/liquidity_provider/common.go:65.2,65.30 1 25
github.com/rsksmart/liquidity-provider-server/internal/usecases/liquidity_provider/common.go:65.30,67.3 1 7
github.com/rsksmart/liquidity-provider-server/internal/usecases/liquidity_provider/common.go:69.2,70.16 2 18
github.com/rsksmart/liquidity-provider-server/internal/usecases/liquidity_provider/common.go:70.16,72.3 1 1
github.com/rsksmart/liquidity-provider-server/internal/usecases/liquidity_provider/common.go:73.2,74.16 2 17
github.com/rsksmart/liquidity-provider-server/internal/usecases/liquidity_provider/common.go:74.16,76.3 1 1
github.com/rsksmart/liquidity-provider-server/internal/usecases/liquidity_provider/common.go:77.2,78.16 2 16
github.com/rsksmart/liquidity-provider-server/internal/usecases/liquidity_provider/common.go:78.16,80.3 1 5
github.com/rsksmart/liquidity-provider-server/internal/usecases/liquidity_provider/common.go:81.2,81.12 1 11
github.com/rsksmart/liquidity-provider-server/internal/usecases/liquidity_provider/common.go:84.75,85.37 1 11
github.com/rsksmart/liquidity-provider-server/internal/usecases/liquidity_provider/common.go:85.37,87.3 1 3
github.com/rsksmart/liquidity-provider-server/internal/usecases/liquidity_provider/common.go:88.2,88.9 1 8
github.com/rsksmart/liquidity-provider-server/internal/usecases/liquidity_provider/common.go:89.54,91.10 2 6
github.com/rsksmart/liquidity-provider-server/internal/usecases/liquidity_provider/common.go:91.10,93.4 1 1
github.com/rsksmart/liquidity-provider-server/internal/usecases/liquidity_provider/common.go:94.3,95.40 2 5
github.com/rsksmart/liquidity-provider-server/internal/usecases/liquidity_provider/common.go:96.10,97.52 1 2
github.com/rsksmart/liquidity-provider-server/internal/usecases/liquidity_provider/common.go:104.9,107.69 3 7
github.com/rsksmart/liquidity-provider-server/internal/usecases/liquidity_provider/common.go:107.69,109.3 1 1
github.com/rsksmart/liquidity-provider-server/internal/usecases/liquidity_provider/common.go:110.2,110.88 1 6
github.com/rsksmart/liquidity-provider-server/internal/usecases/liquidity_provider/common.go:110.88,112.3 1 3
github.com/rsksmart/liquidity-provider-server/internal/usecases/liquidity_provider/common.go:112.8,114.3 1 3
github.com/rsksmart/liquidity-provider-server/internal/usecases/liquidity_provider/common.go:120.9,122.16 2 16
github.com/rsksmart/liquidity-provider-server/internal/usecases/liquidity_provider/common.go:122.16,124.3 1 1
github.com/rsksmart/liquidity-provider-server/internal/usecases/liquidity_provider/common.go:125.2,126.16 2 15
github.com/rsksmart/liquidity-provider-server/internal/usecases/liquidity_provider/common.go:126.16,128.3 1 1
github.com/rsksmart/liquidity-provider-server/internal/usecases/liquidity_provider/common.go:129.2,131.36 3 14
github.com/rsksmart/liquidity-provider-server/internal/usecases/liquidity_provider/common.go:131.36,133.3 1 11
github.com/rsksmart/liquidity-provider-server/internal/usecases/liquidity_provider/common.go:133.8,135.3 1 3
github.com/rsksmart/liquidity-provider-server/internal/usecases/liquidity_provider/generate_default_credentials.go:26.38,28.2 1 4
github.com/rsksmart/liquidity-provider-server/internal/usecases/liquidity_provider/generate_default_credentials.go:30.100,32.16 2 4
github.com/rsksmart/liquidity-provider-server/internal/usecases/liquidity_provider/generate_default_credentials.go:32.16,34.3 1 1
github.com/rsksmart/liquidity-provider-server/internal/usecases/liquidity_provider/generate_default_credentials.go:35.2,35.24 1 3
github.com/rsksmart/liquidity-provider-server/internal/usecases/liquidity_provider/generate_default_credentials.go:35.24,37.3 1 1
github.com/rsksmart/liquidity-provider-server/internal/usecases/liquidity_provider/generate_default_credentials.go:38.2,39.16 2 2
github.com/rsksmart/liquidity-provider-server/internal/usecases/liquidity_provider/generate_default_credentials.go:39.16,41.3 1 0
github.com/rsksmart/liquidity-provider-server/internal/usecases/liquidity_provider/generate_default_credentials.go:42.2,45.16 4 2
github.com/rsksmart/liquidity-provider-server/internal/usecases/liquidity_provider/generate_default_credentials.go:45.16,47.3 1 1
github.com/rsksmart/liquidity-provider-server/internal/usecases/liquidity_provider/generate_default_credentials.go:48.2,54.12 3 1
github.com/rsksmart/liquidity-provider-server/internal/usecases/liquidity_provider/get_configuration.go:18.21,20.2 1 1
github.com/rsksmart/liquidity-provider-server/internal/usecases/liquidity_provider/get_configuration.go:28.77,38.2 4 1
github.com/rsksmart/liquidity-provider-server/internal/usecases/liquidity_provider/get_providers.go:13.85,15.2 1 2
github.com/rsksmart/liquidity-provider-server/internal/usecases/liquidity_provider/get_providers.go:17.101,20.71 3 2
github.com/rsksmart/liquidity-provider-server/internal/usecases/liquidity_provider/get_providers.go:20.71,22.3 1 1
github.com/rsksmart/liquidity-provider-server/internal/usecases/liquidity_provider/get_providers.go:23.2,23.23 1 1
github.com/rsksmart/liquidity-provider-server/internal/usecases/liquidity_provider/login.go:19.17,22.2 2 4
github.com/rsksmart/liquidity-provider-server/internal/usecases/liquidity_provider/login.go:24.105,25.71 1 4
github.com/rsksmart/liquidity-provider-server/internal/usecases/liquidity_provider/login.go:25.71,27.3 1 2
github.com/rsksmart/liquidity-provider-server/internal/usecases/liquidity_provider/login.go:28.2,28.12 1 2
github.com/rsksmart/liquidity-provider-server/internal/usecases/liquidity_provider/login.go:31.107,33.2 1 4
github.com/rsksmart/liquidity-provider-server/internal/usecases/liquidity_provider/login.go:35.80,37.2 1 3
github.com/rsksmart/liquidity-provider-server/internal/usecases/liquidity_provider/login.go:39.66,41.2 1 2
github.com/rsksmart/liquidity-provider-server/internal/usecases/liquidity_provider/login.go:43.55,45.2 1 6
github.com/rsksmart/liquidity-provider-server/internal/usecases/liquidity_provider/penalization_alert.go:18.142,20.2 1 2
github.com/rsksmart/liquidity-provider-server/internal/usecases/liquidity_provider/penalization_alert.go:22.100,25.16 3 2
github.com/rsksmart/liquidity-provider-server/internal/usecases/liquidity_provider/penalization_alert.go:25.16,27.3 1 1
github.com/rsksmart/liquidity-provider-server/internal/usecases/liquidity_provider/penalization_alert.go:28.2,28.31 1 1
github.com/rsksmart/liquidity-provider-server/internal/usecases/liquidity_provider/penalization_alert.go:28.31,30.109 2 3
github.com/rsksmart/liquidity-provider-server/internal/usecases/liquidity_provider/penalization_alert.go:30.109,32.4 1 0
github.com/rsksmart/liquidity-provider-server/internal/usecases/liquidity_provider/penalization_alert.go:34.2,34.12 1 1
github.com/rsksmart/liquidity-provider-server/internal/usecases/liquidity_provider/provider_detail.go:25.21,33.2 1 5
github.com/rsksmart/liquidity-provider-server/internal/usecases/liquidity_provider/provider_detail.go:41.90,62.54 6 5
github.com/rsksmart/liquidity-provider-server/internal/usecases/liquidity_provider/provider_detail.go:62.54,64.3 1 1
github.com/rsksmart/liquidity-provider-server/internal/usecases/liquidity_provider/provider_detail.go:64.8,64.68 1 4
github.com/rsksmart/liquidity-provider-server/internal/usecases/liquidity_provider/provider_detail.go:64.68,66.3 1 1
github.com/rsksmart/liquidity-provider-server/internal/usecases/liquidity_provider/provider_detail.go:66.8,66.69 1 3
github.com/rsksmart/liquidity-provider-server/internal/usecases/liquidity_provider/provider_detail.go:66.69,68.3 1 1
github.com/rsksmart/liquidity-provider-server/internal/usecases/liquidity_provider/provider_detail.go:70.2,70.20 1 2
github.com/rsksmart/liquidity-provider-server/internal/usecases/liquidity_provider/registration.go:16.132,18.2 1 14
github.com/rsksmart/liquidity-provider-server/internal/usecases/liquidity_provider/registration.go:36.102,43.54 6 18
github.com/rsksmart/liquidity-provider-server/internal/usecases/liquidity_provider/registration.go:43.54,45.3 1 5
github.com/rsksmart/liquidity-provider-server/internal/usecases/liquidity_provider/registration.go:47.2,47.63 1 13
github.com/rsksmart/liquidity-provider-server/internal/usecases/liquidity_provider/registration.go:47.63,49.3 1 3
github.com/rsksmart/liquidity-provider-server/internal/usecases/liquidity_provider/registration.go:50.2,50.65 1 10
github.com/rsksmart/liquidity-provider-server/internal/usecases/liquidity_provider/registration.go:50.65,52.3 1 2
github.com/rsksmart/liquidity-provider-server/internal/usecases/liquidity_provider/registration.go:54.2,54.61 1 8
github.com/rsksmart/liquidity-provider-server/internal/usecases/liquidity_provider/registration.go:54.61,56.3 1 1
github.com/rsksmart/liquidity-provider-server/internal/usecases/liquidity_provider/registration.go:58.2,60.54 3 7
github.com/rsksmart/liquidity-provider-server/internal/usecases/liquidity_provider/registration.go:60.54,62.3 1 1
github.com/rsksmart/liquidity-provider-server/internal/usecases/liquidity_provider/registration.go:62.8,62.23 1 6
github.com/rsksmart/liquidity-provider-server/internal/usecases/liquidity_provider/registration.go:62.23,64.3 1 1
github.com/rsksmart/liquidity-provider-server/internal/usecases/liquidity_provider/registration.go:66.2,68.54 3 5
github.com/rsksmart/liquidity-provider-server/internal/usecases/liquidity_provider/registration.go:68.54,70.3 1 2
github.com/rsksmart/liquidity-provider-server/internal/usecases/liquidity_provider/registration.go:70.8,70.23 1 3
github.com/rsksmart/liquidity-provider-server/internal/usecases/liquidity_provider/registration.go:70.23,72.3 1 1
github.com/rsksmart/liquidity-provider-server/internal/usecases/liquidity_provider/registration.go:74.2,75.53 2 2
github.com/rsksmart/liquidity-provider-server/internal/usecases/liquidity_provider/registration.go:78.149,82.2 1 12
github.com/rsksmart/liquidity-provider-server/internal/usecases/liquidity_provider/registration.go:84.81,88.87 3 13
github.com/rsksmart/liquidity-provider-server/internal/usecases/liquidity_provider/registration.go:88.87,90.3 1 1
github.com/rsksmart/liquidity-provider-server/internal/usecases/liquidity_provider/registration.go:91.2,91.107 1 12
github.com/rsksmart/liquidity-provider-server/internal/usecases/liquidity_provider/registration.go:91.107,93.3 1 1
github.com/rsksmart/liquidity-provider-server/internal/usecases/liquidity_provider/registration.go:94.2,94.114 1 11
github.com/rsksmart/liquidity-provider-server/internal/usecases/liquidity_provider/registration.go:94.114,96.3 1 1
github.com/rsksmart/liquidity-provider-server/internal/usecases/liquidity_provider/registration.go:97.2,101.8 1 10
github.com/rsksmart/liquidity-provider-server/internal/usecases/liquidity_provider/registration.go:104.83,107.116 3 10
github.com/rsksmart/liquidity-provider-server/internal/usecases/liquidity_provider/registration.go:107.116,109.3 1 1
github.com/rsksmart/liquidity-provider-server/internal/usecases/liquidity_provider/registration.go:111.2,111.118 1 9
github.com/rsksmart/liquidity-provider-server/internal/usecases/liquidity_provider/registration.go:111.118,113.3 1 1
github.com/rsksmart/liquidity-provider-server/internal/usecases/liquidity_provider/registration.go:115.2,118.8 1 8
github.com/rsksmart/liquidity-provider-server/internal/usecases/liquidity_provider/registration.go:121.139,125.2 1 8
github.com/rsksmart/liquidity-provider-server/internal/usecases/liquidity_provider/registration.go:127.142,130.85 3 2
github.com/rsksmart/liquidity-provider-server/internal/usecases/liquidity_provider/registration.go:130.85,132.3 1 1
github.com/rsksmart/liquidity-provider-server/internal/usecases/liquidity_provider/registration.go:132.8,134.3 1 1
github.com/rsksmart/liquidity-provider-server/internal/usecases/liquidity_provider/registration.go:137.104,139.55 2 18
github.com/rsksmart/liquidity-provider-server/internal/usecases/liquidity_provider/registration.go:139.55,141.3 1 4
github.com/rsksmart/liquidity-provider-server/internal/usecases/liquidity_provider/registration.go:141.8,141.35 1 14
github.com/rsksmart/liquidity-provider-server/internal/usecases/liquidity_provider/registration.go:141.35,143.3 1 1
github.com/rsksmart/liquidity-provider-server/internal/usecases/liquidity_provider/registration.go:144.2,144.12 1 13
github.com/rsksmart/liquidity-provider-server/internal/usecases/liquidity_provider/registration.go:151.17,153.130 2 7
github.com/rsksmart/liquidity-provider-server/internal/usecases/liquidity_provider/registration.go:153.130,155.3 1 3
github.com/rsksmart/liquidity-provider-server/internal/usecases/liquidity_provider/registration.go:156.2,158.138 3 4
github.com/rsksmart/liquidity-provider-server/internal/usecases/liquidity_provider/registration.go:158.138,160.3 1 1
github.com/rsksmart/liquidity-provider-server/internal/usecases/liquidity_provider/registration.go:160.8,162.3 1 3
github.com/rsksmart/liquidity-provider-server/internal/usecases/liquidity_provider/registration.go:169.17,171.133 2 5
github.com/rsksmart/liquidity-provider-server/internal/usecases/liquidity_provider/registration.go:171.133,173.3 1 2
github.com/rsksmart/liquidity-provider-server/internal/usecases/liquidity_provider/registration.go:174.2,176.145 3 3
github.com/rsksmart/liquidity-provider-server/internal/usecases/liquidity_provider/registration.go:176.145,178.3 1 1
github.com/rsksmart/liquidity-provider-server/internal/usecases/liquidity_provider/registration.go:178.8,180.3 1 2
github.com/rsksmart/liquidity-provider-server/internal/usecases/liquidity_provider/resign.go:14.120,16.2 1 3
github.com/rsksmart/liquidity-provider-server/internal/usecases/liquidity_provider/resign.go:18.43,22.16 3 3
github.com/rsksmart/liquidity-provider-server/internal/usecases/liquidity_provider/resign.go:22.16,24.3 1 1
github.com/rsksmart/liquidity-provider-server/internal/usecases/liquidity_provider/resign.go:26.2,26.62 1 2
github.com/rsksmart/liquidity-provider-server/internal/usecases/liquidity_provider/resign.go:26.62,28.3 1 1
github.com/rsksmart/liquidity-provider-server/internal/usecases/liquidity_provider/resign.go:29.2,29.12 1 1
github.com/rsksmart/liquidity-provider-server/internal/usecases/liquidity_provider/set_credentials.go:27.26,35.2 2 6
github.com/rsksmart/liquidity-provider-server/internal/usecases/liquidity_provider/set_credentials.go:37.133,38.74 1 13
github.com/rsksmart/liquidity-provider-server/internal/usecases/liquidity_provider/set_credentials.go:38.74,40.3 1 3
github.com/rsksmart/liquidity-provider-server/internal/usecases/liquidity_provider/set_credentials.go:42.2,43.89 2 10
github.com/rsksmart/liquidity-provider-server/internal/usecases/liquidity_provider/set_credentials.go:43.89,45.3 1 6
github.com/rsksmart/liquidity-provider-server/internal/usecases/liquidity_provider/set_credentials.go:47.2,48.16 2 4
github.com/rsksmart/liquidity-provider-server/internal/usecases/liquidity_provider/set_credentials.go:48.16,50.3 1 0
github.com/rsksmart/liquidity-provider-server/internal/usecases/liquidity_provider/set_credentials.go:51.2,52.16 2 4
github.com/rsksmart/liquidity-provider-server/internal/usecases/liquidity_provider/set_credentials.go:52.16,54.3 1 0
github.com/rsksmart/liquidity-provider-server/internal/usecases/liquidity_provider/set_credentials.go:56.2,63.16 3 4
github.com/rsksmart/liquidity-provider-server/internal/usecases/liquidity_provider/set_credentials.go:63.16,65.3 1 1
github.com/rsksmart/liquidity-provider-server/internal/usecases/liquidity_provider/set_credentials.go:66.2,66.86 1 3
github.com/rsksmart/liquidity-provider-server/internal/usecases/liquidity_provider/set_credentials.go:66.86,68.3 1 1
github.com/rsksmart/liquidity-provider-server/internal/usecases/liquidity_provider/set_credentials.go:69.2,69.12 1 2
github.com/rsksmart/liquidity-provider-server/internal/usecases/liquidity_provider/set_credentials.go:72.116,74.2 1 13
github.com/rsksmart/liquidity-provider-server/internal/usecases/liquidity_provider/set_credentials.go:76.89,78.2 1 3
github.com/rsksmart/liquidity-provider-server/internal/usecases/liquidity_provider/set_credentials.go:80.75,82.2 1 2
github.com/rsksmart/liquidity-provider-server/internal/usecases/liquidity_provider/set_credentials.go:84.64,86.2 1 6
github.com/rsksmart/liquidity-provider-server/internal/usecases/liquidity_provider/set_general_config.go:20.28,22.2 1 3
github.com/rsksmart/liquidity-provider-server/internal/usecases/liquidity_provider/set_general_config.go:24.120,26.16 2 3
github.com/rsksmart/liquidity-provider-server/internal/usecases/liquidity_provider/set_general_config.go:26.16,28.3 1 1
github.com/rsksmart/liquidity-provider-server/internal/usecases/liquidity_provider/set_general_config.go:29.2,30.16 2 2
github.com/rsksmart/liquidity-provider-server/internal/usecases/liquidity_provider/set_general_config.go:30.16,32.3 1 1
github.com/rsksmart/liquidity-provider-server/internal/usecases/liquidity_provider/set_general_config.go:33.2,33.12 1 1
github.com/rsksmart/liquidity-provider-server/internal/usecases/liquidity_provider/set_pegin_config.go:20.26,22.2 1 3
github.com/rsksmart/liquidity-provider-server/internal/usecases/liquidity_provider/set_pegin_config.go:24.116,26.16 2 3
github.com/rsksmart/liquidity-provider-server/internal/usecases/liquidity_provider/set_pegin_config.go:26.16,28.3 1 1
github.com/rsksmart/liquidity-provider-server/internal/usecases/liquidity_provider/set_pegin_config.go:29.2,30.16 2 2
github.com/rsksmart/liquidity-provider-server/internal/usecases/liquidity_provider/set_pegin_config.go:30.16,32.3 1 1
github.com/rsksmart/liquidity-provider-server/internal/usecases/liquidity_provider/set_pegin_config.go:33.2,33.12 1 1
github.com/rsksmart/liquidity-provider-server/internal/usecases/liquidity_provider/set_pegout_config.go:20.27,22.2 1 3
github.com/rsksmart/liquidity-provider-server/internal/usecases/liquidity_provider/set_pegout_config.go:24.118,26.16 2 3
github.com/rsksmart/liquidity-provider-server/internal/usecases/liquidity_provider/set_pegout_config.go:26.16,28.3 1 1
github.com/rsksmart/liquidity-provider-server/internal/usecases/liquidity_provider/set_pegout_config.go:29.2,30.16 2 2
github.com/rsksmart/liquidity-provider-server/internal/usecases/liquidity_provider/set_pegout_config.go:30.16,32.3 1 1
github.com/rsksmart/liquidity-provider-server/internal/usecases/liquidity_provider/set_pegout_config.go:33.2,33.12 1 1
